This file contains any messages produced by compilers while
running configure, to aid debugging if configure makes a mistake.

It was created by libnjb configure 2.1, which was
generated by GNU Autoconf 2.59.  Invocation command line was

  $ ./configure 

## --------- ##
## Platform. ##
## --------- ##

hostname = ral46.local
uname -m = Power Macintosh
uname -r = 7.8.0
uname -s = Darwin
uname -v = Darwin Kernel Version 7.8.0: Wed Dec 22 14:26:17 PST 2004; root:xnu/xnu-517.11.1.obj~1/RELEASE_PPC 

/usr/bin/uname -p = powerpc
/bin/uname -X     = unknown

/bin/arch              = unknown
/usr/bin/arch -k       = unknown
/usr/convex/getsysinfo = unknown
hostinfo               = Mach kernel version:
	 Darwin Kernel Version 7.8.0:
Wed Dec 22 14:26:17 PST 2004; root:xnu/xnu-517.11.1.obj~1/RELEASE_PPC


Kernel configured for a single processor only.
1 processor is physically available.
Processor type: ppc970 (PowerPC 970)
Processor active: 0
Primary memory available: 1024.00 megabytes.
Default processor set: 75 tasks, 184 threads, 1 processors
Load average: 5.47, Mach factor: 0.18
unknown
/bin/machine           = unknown
/usr/bin/oslevel       = unknown
/bin/universe          = unknown

PATH: /sw/bin
PATH: /sw/sbin
PATH: /usr/bin
PATH: /bin
PATH: /usr/sbin
PATH: /sbin
PATH: /usr/local/teTeX/bin/powerpc-apple-darwin6.6


## ----------- ##
## Core tests. ##
## ----------- ##

configure:1557: checking for a BSD-compatible install
configure:1612: result: /usr/bin/install -c
configure:1623: checking whether build environment is sane
configure:1666: result: yes
configure:1690: WARNING: `missing' script is too old or missing
configure:1731: checking for gawk
configure:1760: result: no
configure:1731: checking for mawk
configure:1760: result: no
configure:1731: checking for nawk
configure:1760: result: no
configure:1731: checking for awk
configure:1747: found /usr/bin/awk
configure:1757: result: awk
configure:1767: checking whether make sets $(MAKE)
configure:1787: result: yes
configure:2006: checking for gcc
configure:2022: found /usr/bin/gcc
configure:2032: result: gcc
configure:2276: checking for C compiler version
configure:2279: gcc --version </dev/null >&5
gcc (GCC) 3.3 20030304 (Apple Computer, Inc. build 1666)
Copyright (C) 2002 Free Software Foundation, Inc.
This is free software; see the source for copying conditions.  There is NO
warranty; not even for MERCHANTABILITY or FITNESS FOR A PARTICULAR PURPOSE.

configure:2282: $? = 0
configure:2284: gcc -v </dev/null >&5
Reading specs from /usr/libexec/gcc/darwin/ppc/3.3/specs
Thread model: posix
gcc version 3.3 20030304 (Apple Computer, Inc. build 1666)
configure:2287: $? = 0
configure:2289: gcc -V </dev/null >&5
gcc: `-V' option must have argument
configure:2292: $? = 1
configure:2315: checking for C compiler default output file name
configure:2318: gcc   -framework Foundation conftest.c  >&5
configure:2321: $? = 0
configure:2367: result: a.out
configure:2372: checking whether the C compiler works
configure:2378: ./a.out
configure:2381: $? = 0
configure:2398: result: yes
configure:2405: checking whether we are cross compiling
configure:2407: result: no
configure:2410: checking for suffix of executables
configure:2412: gcc -o conftest   -framework Foundation conftest.c  >&5
configure:2415: $? = 0
configure:2440: result: 
configure:2446: checking for suffix of object files
configure:2467: gcc -c   conftest.c >&5
configure:2470: $? = 0
configure:2492: result: o
configure:2496: checking whether we are using the GNU C compiler
configure:2520: gcc -c   conftest.c >&5
configure:2526: $? = 0
configure:2529: test -z 			 || test ! -s conftest.err
configure:2532: $? = 0
configure:2535: test -s conftest.o
configure:2538: $? = 0
configure:2551: result: yes
configure:2557: checking whether gcc accepts -g
configure:2578: gcc -c -g  conftest.c >&5
configure:2584: $? = 0
configure:2587: test -z 			 || test ! -s conftest.err
configure:2590: $? = 0
configure:2593: test -s conftest.o
configure:2596: $? = 0
configure:2607: result: yes
configure:2624: checking for gcc option to accept ANSI C
configure:2694: gcc  -c -g -O2  conftest.c >&5
configure:2700: $? = 0
configure:2703: test -z 			 || test ! -s conftest.err
configure:2706: $? = 0
configure:2709: test -s conftest.o
configure:2712: $? = 0
configure:2730: result: none needed
configure:2748: gcc -c -g -O2  conftest.c >&5
conftest.c:2: error: parse error before "me"
configure:2754: $? = 1
configure: failed program was:
| #ifndef __cplusplus
|   choke me
| #endif
configure:2895: checking for style of include used by make
configure:2923: result: GNU
configure:2951: checking dependency style of gcc
configure:3041: result: none
configure:3071: checking for a BSD-compatible install
configure:3126: result: /usr/bin/install -c
configure:3137: checking whether ln -s works
configure:3141: result: yes
configure:3226: checking build system type
configure:3244: result: powerpc-apple-darwin7.8.0
configure:3252: checking host system type
configure:3266: result: powerpc-apple-darwin7.8.0
configure:3274: checking for a sed that does not truncate output
configure:3328: result: /usr/bin/sed
configure:3331: checking for egrep
configure:3341: result: grep -E
configure:3357: checking for ld used by gcc
configure:3424: result: /usr/bin/ld
configure:3433: checking if the linker (/usr/bin/ld) is GNU ld
configure:3448: result: no
configure:3453: checking for /usr/bin/ld option to reload object files
configure:3460: result: -r
configure:3469: checking for BSD-compatible nm
configure:3511: result: /usr/bin/nm -p
configure:3515: checking how to recognise dependent libraries
configure:3689: result: pass_all
configure:3902: checking how to run the C preprocessor
configure:3937: gcc -E  conftest.c
configure:3943: $? = 0
configure:3975: gcc -E  conftest.c
conftest.c:11:28: ac_nonexistent.h: No such file or directory
configure:3981: $? = 1
configure: failed program was:
| /* confdefs.h.  */
| 
| #define PACKAGE_NAME "libnjb"
| #define PACKAGE_TARNAME "libnjb"
| #define PACKAGE_VERSION "2.1"
| #define PACKAGE_STRING "libnjb 2.1"
| #define PACKAGE_BUGREPORT "libnjb-users@lists.sourceforge.net"
| #define PACKAGE "libnjb"
| #define VERSION "2.1"
| /* end confdefs.h.  */
| #include <ac_nonexistent.h>
configure:4020: result: gcc -E
configure:4044: gcc -E  conftest.c
configure:4050: $? = 0
configure:4082: gcc -E  conftest.c
conftest.c:11:28: ac_nonexistent.h: No such file or directory
configure:4088: $? = 1
configure: failed program was:
| /* confdefs.h.  */
| 
| #define PACKAGE_NAME "libnjb"
| #define PACKAGE_TARNAME "libnjb"
| #define PACKAGE_VERSION "2.1"
| #define PACKAGE_STRING "libnjb 2.1"
| #define PACKAGE_BUGREPORT "libnjb-users@lists.sourceforge.net"
| #define PACKAGE "libnjb"
| #define VERSION "2.1"
| /* end confdefs.h.  */
| #include <ac_nonexistent.h>
configure:4132: checking for ANSI C header files
configure:4157: gcc -c -g -O2  conftest.c >&5
configure:4163: $? = 0
configure:4166: test -z 			 || test ! -s conftest.err
configure:4169: $? = 0
configure:4172: test -s conftest.o
configure:4175: $? = 0
configure:4261: gcc -o conftest -g -O2  -framework Foundation conftest.c  >&5
configure:4264: $? = 0
configure:4266: ./conftest
configure:4269: $? = 0
configure:4284: result: yes
configure:4308: checking for sys/types.h
configure:4324: gcc -c -g -O2  conftest.c >&5
configure:4330: $? = 0
configure:4333: test -z 			 || test ! -s conftest.err
configure:4336: $? = 0
configure:4339: test -s conftest.o
configure:4342: $? = 0
configure:4353: result: yes
configure:4308: checking for sys/stat.h
configure:4324: gcc -c -g -O2  conftest.c >&5
configure:4330: $? = 0
configure:4333: test -z 			 || test ! -s conftest.err
configure:4336: $? = 0
configure:4339: test -s conftest.o
configure:4342: $? = 0
configure:4353: result: yes
configure:4308: checking for stdlib.h
configure:4324: gcc -c -g -O2  conftest.c >&5
configure:4330: $? = 0
configure:4333: test -z 			 || test ! -s conftest.err
configure:4336: $? = 0
configure:4339: test -s conftest.o
configure:4342: $? = 0
configure:4353: result: yes
configure:4308: checking for string.h
configure:4324: gcc -c -g -O2  conftest.c >&5
configure:4330: $? = 0
configure:4333: test -z 			 || test ! -s conftest.err
configure:4336: $? = 0
configure:4339: test -s conftest.o
configure:4342: $? = 0
configure:4353: result: yes
configure:4308: checking for memory.h
configure:4324: gcc -c -g -O2  conftest.c >&5
configure:4330: $? = 0
configure:4333: test -z 			 || test ! -s conftest.err
configure:4336: $? = 0
configure:4339: test -s conftest.o
configure:4342: $? = 0
configure:4353: result: yes
configure:4308: checking for strings.h
configure:4324: gcc -c -g -O2  conftest.c >&5
configure:4330: $? = 0
configure:4333: test -z 			 || test ! -s conftest.err
configure:4336: $? = 0
configure:4339: test -s conftest.o
configure:4342: $? = 0
configure:4353: result: yes
configure:4308: checking for inttypes.h
configure:4324: gcc -c -g -O2  conftest.c >&5
configure:4330: $? = 0
configure:4333: test -z 			 || test ! -s conftest.err
configure:4336: $? = 0
configure:4339: test -s conftest.o
configure:4342: $? = 0
configure:4353: result: yes
configure:4308: checking for stdint.h
configure:4324: gcc -c -g -O2  conftest.c >&5
configure:4330: $? = 0
configure:4333: test -z 			 || test ! -s conftest.err
configure:4336: $? = 0
configure:4339: test -s conftest.o
configure:4342: $? = 0
configure:4353: result: yes
configure:4308: checking for unistd.h
configure:4324: gcc -c -g -O2  conftest.c >&5
configure:4330: $? = 0
configure:4333: test -z 			 || test ! -s conftest.err
configure:4336: $? = 0
configure:4339: test -s conftest.o
configure:4342: $? = 0
configure:4353: result: yes
configure:4379: checking dlfcn.h usability
configure:4391: gcc -c -g -O2  conftest.c >&5
configure:4397: $? = 0
configure:4400: test -z 			 || test ! -s conftest.err
configure:4403: $? = 0
configure:4406: test -s conftest.o
configure:4409: $? = 0
configure:4419: result: yes
configure:4423: checking dlfcn.h presence
configure:4433: gcc -E  conftest.c
configure:4439: $? = 0
configure:4459: result: yes
configure:4494: checking for dlfcn.h
configure:4501: result: yes
configure:4566: checking for g++
configure:4582: found /usr/bin/g++
configure:4592: result: g++
configure:4608: checking for C++ compiler version
configure:4611: g++ --version </dev/null >&5
g++ (GCC) 3.3 20030304 (Apple Computer, Inc. build 1666)
Copyright (C) 2002 Free Software Foundation, Inc.
This is free software; see the source for copying conditions.  There is NO
warranty; not even for MERCHANTABILITY or FITNESS FOR A PARTICULAR PURPOSE.

configure:4614: $? = 0
configure:4616: g++ -v </dev/null >&5
Reading specs from /usr/libexec/gcc/darwin/ppc/3.3/specs
Thread model: posix
gcc version 3.3 20030304 (Apple Computer, Inc. build 1666)
configure:4619: $? = 0
configure:4621: g++ -V </dev/null >&5
g++: `-V' option must have argument
configure:4624: $? = 1
configure:4627: checking whether we are using the GNU C++ compiler
configure:4651: g++ -c   conftest.cc >&5
configure:4657: $? = 0
configure:4660: test -z 			 || test ! -s conftest.err
configure:4663: $? = 0
configure:4666: test -s conftest.o
configure:4669: $? = 0
configure:4682: result: yes
configure:4688: checking whether g++ accepts -g
configure:4709: g++ -c -g  conftest.cc >&5
configure:4715: $? = 0
configure:4718: test -z 			 || test ! -s conftest.err
configure:4721: $? = 0
configure:4724: test -s conftest.o
configure:4727: $? = 0
configure:4738: result: yes
configure:4780: g++ -c -g -O2  conftest.cc >&5
configure:4786: $? = 0
configure:4789: test -z 			 || test ! -s conftest.err
configure:4792: $? = 0
configure:4795: test -s conftest.o
configure:4798: $? = 0
configure:4824: g++ -c -g -O2  conftest.cc >&5
conftest.cc: In function `int main()':
conftest.cc:26: error: `exit' undeclared (first use this function)
conftest.cc:26: error: (Each undeclared identifier is reported only once for 
   each function it appears in.)
configure:4830: $? = 1
configure: failed program was:
| /* confdefs.h.  */
| 
| #define PACKAGE_NAME "libnjb"
| #define PACKAGE_TARNAME "libnjb"
| #define PACKAGE_VERSION "2.1"
| #define PACKAGE_STRING "libnjb 2.1"
| #define PACKAGE_BUGREPORT "libnjb-users@lists.sourceforge.net"
| #define PACKAGE "libnjb"
| #define VERSION "2.1"
| #define STDC_HEADERS 1
| #define HAVE_SYS_TYPES_H 1
| #define HAVE_SYS_STAT_H 1
| #define HAVE_STDLIB_H 1
| #define HAVE_STRING_H 1
| #define HAVE_MEMORY_H 1
| #define HAVE_STRINGS_H 1
| #define HAVE_INTTYPES_H 1
| #define HAVE_STDINT_H 1
| #define HAVE_UNISTD_H 1
| #define HAVE_DLFCN_H 1
| /* end confdefs.h.  */
| 
| int
| main ()
| {
| exit (42);
|   ;
|   return 0;
| }
configure:4780: g++ -c -g -O2  conftest.cc >&5
configure:4786: $? = 0
configure:4789: test -z 			 || test ! -s conftest.err
configure:4792: $? = 0
configure:4795: test -s conftest.o
configure:4798: $? = 0
configure:4824: g++ -c -g -O2  conftest.cc >&5
configure:4830: $? = 0
configure:4833: test -z 			 || test ! -s conftest.err
configure:4836: $? = 0
configure:4839: test -s conftest.o
configure:4842: $? = 0
configure:4867: checking dependency style of g++
configure:4957: result: none
configure:4979: checking how to run the C++ preprocessor
configure:5010: g++ -E  conftest.cc
configure:5016: $? = 0
configure:5048: g++ -E  conftest.cc
conftest.cc:25:28: ac_nonexistent.h: No such file or directory
configure:5054: $? = 1
configure: failed program was:
| /* confdefs.h.  */
| 
| #define PACKAGE_NAME "libnjb"
| #define PACKAGE_TARNAME "libnjb"
| #define PACKAGE_VERSION "2.1"
| #define PACKAGE_STRING "libnjb 2.1"
| #define PACKAGE_BUGREPORT "libnjb-users@lists.sourceforge.net"
| #define PACKAGE "libnjb"
| #define VERSION "2.1"
| #define STDC_HEADERS 1
| #define HAVE_SYS_TYPES_H 1
| #define HAVE_SYS_STAT_H 1
| #define HAVE_STDLIB_H 1
| #define HAVE_STRING_H 1
| #define HAVE_MEMORY_H 1
| #define HAVE_STRINGS_H 1
| #define HAVE_INTTYPES_H 1
| #define HAVE_STDINT_H 1
| #define HAVE_UNISTD_H 1
| #define HAVE_DLFCN_H 1
| #ifdef __cplusplus
| extern "C" void std::exit (int) throw (); using std::exit;
| #endif
| /* end confdefs.h.  */
| #include <ac_nonexistent.h>
configure:5093: result: g++ -E
configure:5117: g++ -E  conftest.cc
configure:5123: $? = 0
configure:5155: g++ -E  conftest.cc
conftest.cc:25:28: ac_nonexistent.h: No such file or directory
configure:5161: $? = 1
configure: failed program was:
| /* confdefs.h.  */
| 
| #define PACKAGE_NAME "libnjb"
| #define PACKAGE_TARNAME "libnjb"
| #define PACKAGE_VERSION "2.1"
| #define PACKAGE_STRING "libnjb 2.1"
| #define PACKAGE_BUGREPORT "libnjb-users@lists.sourceforge.net"
| #define PACKAGE "libnjb"
| #define VERSION "2.1"
| #define STDC_HEADERS 1
| #define HAVE_SYS_TYPES_H 1
| #define HAVE_SYS_STAT_H 1
| #define HAVE_STDLIB_H 1
| #define HAVE_STRING_H 1
| #define HAVE_MEMORY_H 1
| #define HAVE_STRINGS_H 1
| #define HAVE_INTTYPES_H 1
| #define HAVE_STDINT_H 1
| #define HAVE_UNISTD_H 1
| #define HAVE_DLFCN_H 1
| #ifdef __cplusplus
| extern "C" void std::exit (int) throw (); using std::exit;
| #endif
| /* end confdefs.h.  */
| #include <ac_nonexistent.h>
configure:5256: checking for g77
configure:5285: result: no
configure:5256: checking for f77
configure:5285: result: no
configure:5256: checking for xlf
configure:5285: result: no
configure:5256: checking for frt
configure:5285: result: no
configure:5256: checking for pgf77
configure:5285: result: no
configure:5256: checking for fort77
configure:5285: result: no
configure:5256: checking for fl32
configure:5285: result: no
configure:5256: checking for af77
configure:5285: result: no
configure:5256: checking for f90
configure:5285: result: no
configure:5256: checking for xlf90
configure:5285: result: no
configure:5256: checking for pgf90
configure:5285: result: no
configure:5256: checking for epcf90
configure:5285: result: no
configure:5256: checking for f95
configure:5285: result: no
configure:5256: checking for fort
configure:5285: result: no
configure:5256: checking for xlf95
configure:5285: result: no
configure:5256: checking for ifc
configure:5285: result: no
configure:5256: checking for efc
configure:5285: result: no
configure:5256: checking for pgf95
configure:5285: result: no
configure:5256: checking for lf95
configure:5285: result: no
configure:5256: checking for gfortran
configure:5285: result: no
configure:5300: checking for Fortran 77 compiler version
configure:5300:  --version </dev/null >&5
./configure: line 1: --version: command not found
configure:5303: $? = 127
configure:5305:  -v </dev/null >&5
./configure: line 1: -v: command not found
configure:5308: $? = 127
configure:5310:  -V </dev/null >&5
./configure: line 1: -V: command not found
configure:5313: $? = 127
configure:5321: checking whether we are using the GNU Fortran 77 compiler
configure:5335:  -c  conftest.F >&5
./configure: line 1: -c: command not found
configure:5341: $? = 127
configure: failed program was:
|       program main
| #ifndef __GNUC__
|        choke me
| #endif
| 
|       end
configure:5366: result: no
configure:5372: checking whether  accepts -g
configure:5384:  -c -g conftest.f >&5
./configure: line 1: -c: command not found
configure:5390: $? = 127
configure: failed program was:
|       program main
| 
|       end
configure:5414: result: no
configure:5444: checking the maximum length of command line arguments
configure:5509: result: 65536
configure:5520: checking command to parse /usr/bin/nm -p output from gcc object
configure:5609: gcc -c -g -O2  conftest.c >&5
configure:5612: $? = 0
configure:5616: /usr/bin/nm -p conftest.o \| sed -n -e 's/^.*[ 	]\([BCDEGRST][BCDEGRST]*\)[ 	][ 	]*\(\)\([_A-Za-z][_A-Za-z0-9]*\)$/\1 \2\3 \3/p' \> conftest.nm
configure:5619: $? = 0
cannot find nm_test_var in conftest.nm
configure:5609: gcc -c -g -O2  conftest.c >&5
configure:5612: $? = 0
configure:5616: /usr/bin/nm -p conftest.o \| sed -n -e 's/^.*[ 	]\([BCDEGRST][BCDEGRST]*\)[ 	][ 	]*\(_\)\([_A-Za-z][_A-Za-z0-9]*\)$/\1 \2\3 \3/p' \> conftest.nm
configure:5619: $? = 0
configure:5671: gcc -o conftest -g -O2  -framework Foundation conftest.c conftstm.o >&5
configure:5674: $? = 0
configure:5712: result: ok
configure:5716: checking for objdir
configure:5731: result: .libs
configure:5821: checking for ar
configure:5837: found /usr/bin/ar
configure:5848: result: ar
configure:5901: checking for ranlib
configure:5917: found /usr/bin/ranlib
configure:5928: result: ranlib
configure:5981: checking for strip
configure:5997: found /usr/bin/strip
configure:6008: result: strip
configure:6270: checking if gcc static flag  works
configure:6293: result: yes
configure:6311: checking if gcc supports -fno-rtti -fno-exceptions
configure:6332: gcc -c -g -O2  -fno-rtti -fno-exceptions conftest.c >&5
cc1: warning: "-frtti" is valid for C++ but not for C/ObjC
configure:6336: $? = 0
configure:6344: result: no
configure:6359: checking for gcc option to produce PIC
configure:6536: result: -fno-common
configure:6544: checking if gcc PIC flag -fno-common works
configure:6565: gcc -c -g -O2  -fno-common -DPIC conftest.c >&5
configure:6569: $? = 0
configure:6577: result: yes
configure:6601: checking if gcc supports -c -o file.o
configure:6625: gcc -c -g -O2  -o out/conftest2.o conftest.c >&5
configure:6629: $? = 0
configure:6646: result: yes
configure:6672: checking whether the gcc linker (/usr/bin/ld) supports shared libraries
configure:7519: result: yes
configure:7590: checking dynamic linker characteristics
configure:8142: result: darwin7.8.0 dyld
configure:8146: checking how to hardcode library paths into programs
configure:8171: result: immediate
configure:8185: checking whether stripping libraries is possible
configure:8198: result: yes
configure:9013: checking if libtool supports shared libraries
configure:9015: result: yes
configure:9018: checking whether to build shared libraries
configure:9076: result: yes
configure:9079: checking whether to build static libraries
configure:9083: result: yes
configure:9175: creating libtool
configure:9722: checking for ld used by g++
configure:9789: result: /usr/bin/ld
configure:9798: checking if the linker (/usr/bin/ld) is GNU ld
configure:9813: result: no
configure:9864: checking whether the g++ linker (/usr/bin/ld) supports shared libraries
configure:10690: result: yes
configure:10708: g++ -c -g -O2  conftest.cc >&5
configure:10711: $? = 0
configure:10807: checking for g++ option to produce PIC
configure:11059: result: -fno-common
configure:11067: checking if g++ PIC flag -fno-common works
configure:11088: g++ -c -g -O2  -fno-common -DPIC conftest.cc >&5
configure:11092: $? = 0
configure:11100: result: yes
configure:11124: checking if g++ supports -c -o file.o
configure:11148: g++ -c -g -O2  -o out/conftest2.o conftest.cc >&5
configure:11152: $? = 0
configure:11169: result: yes
configure:11195: checking whether the g++ linker (/usr/bin/ld) supports shared libraries
configure:11223: result: yes
configure:11294: checking dynamic linker characteristics
configure:11846: result: darwin7.8.0 dyld
configure:11850: checking how to hardcode library paths into programs
configure:11875: result: immediate
configure:11889: checking whether stripping libraries is possible
configure:11902: result: yes
configure:19140: checking for doxygen
configure:19167: result: false
configure:19185: WARNING: *** doxygen not found, docs will not be built
configure:19190: checking if the host operating system is Darwin
configure:19194: result: yes
configure:19204: checking for initscr in -lcurses
configure:19234: gcc -o conftest -g -O2 -DUSE_DARWIN  -framework Foundation conftest.c -lcurses   >&5
configure:19240: $? = 0
configure:19243: test -z 			 || test ! -s conftest.err
configure:19246: $? = 0
configure:19249: test -s conftest
configure:19252: $? = 0
configure:19265: result: yes
configure:19273: checking for usb_control_msg in -lusb
configure:19303: gcc -o conftest -g -O2 -DUSE_DARWIN  -framework Foundation conftest.c -lusb -framework IOKit  >&5
configure:19309: $? = 0
configure:19312: test -z 			 || test ! -s conftest.err
configure:19315: $? = 0
configure:19318: test -s conftest
configure:19321: $? = 0
configure:19334: result: yes
configure:19355: checking for uncompress in -lz
configure:19385: gcc -o conftest -g -O2 -DUSE_DARWIN  -framework Foundation conftest.c -lz  -lusb  >&5
configure:19391: $? = 0
configure:19394: test -z 			 || test ! -s conftest.err
configure:19397: $? = 0
configure:19400: test -s conftest
configure:19403: $? = 0
configure:19416: result: yes
configure:19425: checking for ANSI C header files
configure:19577: result: yes
configure:19587: checking whether time.h and sys/time.h may both be included
configure:19612: gcc -c -g -O2 -DUSE_DARWIN  conftest.c >&5
configure:19618: $? = 0
configure:19621: test -z 			 || test ! -s conftest.err
configure:19624: $? = 0
configure:19627: test -s conftest.o
configure:19630: $? = 0
configure:19641: result: yes
configure:19678: checking ctype.h usability
configure:19690: gcc -c -g -O2 -DUSE_DARWIN  conftest.c >&5
configure:19696: $? = 0
configure:19699: test -z 			 || test ! -s conftest.err
configure:19702: $? = 0
configure:19705: test -s conftest.o
configure:19708: $? = 0
configure:19718: result: yes
configure:19722: checking ctype.h presence
configure:19732: gcc -E  conftest.c
configure:19738: $? = 0
configure:19758: result: yes
configure:19793: checking for ctype.h
configure:19800: result: yes
configure:19678: checking curses.h usability
configure:19690: gcc -c -g -O2 -DUSE_DARWIN  conftest.c >&5
configure:19696: $? = 0
configure:19699: test -z 			 || test ! -s conftest.err
configure:19702: $? = 0
configure:19705: test -s conftest.o
configure:19708: $? = 0
configure:19718: result: yes
configure:19722: checking curses.h presence
configure:19732: gcc -E  conftest.c
configure:19738: $? = 0
configure:19758: result: yes
configure:19793: checking for curses.h
configure:19800: result: yes
configure:19678: checking errno.h usability
configure:19690: gcc -c -g -O2 -DUSE_DARWIN  conftest.c >&5
configure:19696: $? = 0
configure:19699: test -z 			 || test ! -s conftest.err
configure:19702: $? = 0
configure:19705: test -s conftest.o
configure:19708: $? = 0
configure:19718: result: yes
configure:19722: checking errno.h presence
configure:19732: gcc -E  conftest.c
configure:19738: $? = 0
configure:19758: result: yes
configure:19793: checking for errno.h
configure:19800: result: yes
configure:19678: checking fcntl.h usability
configure:19690: gcc -c -g -O2 -DUSE_DARWIN  conftest.c >&5
configure:19696: $? = 0
configure:19699: test -z 			 || test ! -s conftest.err
configure:19702: $? = 0
configure:19705: test -s conftest.o
configure:19708: $? = 0
configure:19718: result: yes
configure:19722: checking fcntl.h presence
configure:19732: gcc -E  conftest.c
configure:19738: $? = 0
configure:19758: result: yes
configure:19793: checking for fcntl.h
configure:19800: result: yes
configure:19678: checking getopt.h usability
configure:19690: gcc -c -g -O2 -DUSE_DARWIN  conftest.c >&5
configure:19696: $? = 0
configure:19699: test -z 			 || test ! -s conftest.err
configure:19702: $? = 0
configure:19705: test -s conftest.o
configure:19708: $? = 0
configure:19718: result: yes
configure:19722: checking getopt.h presence
configure:19732: gcc -E  conftest.c
configure:19738: $? = 0
configure:19758: result: yes
configure:19793: checking for getopt.h
configure:19800: result: yes
configure:19678: checking libgen.h usability
configure:19690: gcc -c -g -O2 -DUSE_DARWIN  conftest.c >&5
configure:19696: $? = 0
configure:19699: test -z 			 || test ! -s conftest.err
configure:19702: $? = 0
configure:19705: test -s conftest.o
configure:19708: $? = 0
configure:19718: result: yes
configure:19722: checking libgen.h presence
configure:19732: gcc -E  conftest.c
configure:19738: $? = 0
configure:19758: result: yes
configure:19793: checking for libgen.h
configure:19800: result: yes
configure:19678: checking limits.h usability
configure:19690: gcc -c -g -O2 -DUSE_DARWIN  conftest.c >&5
configure:19696: $? = 0
configure:19699: test -z 			 || test ! -s conftest.err
configure:19702: $? = 0
configure:19705: test -s conftest.o
configure:19708: $? = 0
configure:19718: result: yes
configure:19722: checking limits.h presence
configure:19732: gcc -E  conftest.c
configure:19738: $? = 0
configure:19758: result: yes
configure:19793: checking for limits.h
configure:19800: result: yes
configure:19678: checking stdio.h usability
configure:19690: gcc -c -g -O2 -DUSE_DARWIN  conftest.c >&5
configure:19696: $? = 0
configure:19699: test -z 			 || test ! -s conftest.err
configure:19702: $? = 0
configure:19705: test -s conftest.o
configure:19708: $? = 0
configure:19718: result: yes
configure:19722: checking stdio.h presence
configure:19732: gcc -E  conftest.c
configure:19738: $? = 0
configure:19758: result: yes
configure:19793: checking for stdio.h
configure:19800: result: yes
configure:19669: checking for string.h
configure:19674: result: yes
configure:19669: checking for sys/stat.h
configure:19674: result: yes
configure:19678: checking sys/time.h usability
configure:19690: gcc -c -g -O2 -DUSE_DARWIN  conftest.c >&5
configure:19696: $? = 0
configure:19699: test -z 			 || test ! -s conftest.err
configure:19702: $? = 0
configure:19705: test -s conftest.o
configure:19708: $? = 0
configure:19718: result: yes
configure:19722: checking sys/time.h presence
configure:19732: gcc -E  conftest.c
configure:19738: $? = 0
configure:19758: result: yes
configure:19793: checking for sys/time.h
configure:19800: result: yes
configure:19669: checking for unistd.h
configure:19674: result: yes
configure:19678: checking zlib.h usability
configure:19690: gcc -c -g -O2 -DUSE_DARWIN  conftest.c >&5
configure:19696: $? = 0
configure:19699: test -z 			 || test ! -s conftest.err
configure:19702: $? = 0
configure:19705: test -s conftest.o
configure:19708: $? = 0
configure:19718: result: yes
configure:19722: checking zlib.h presence
configure:19732: gcc -E  conftest.c
configure:19738: $? = 0
configure:19758: result: yes
configure:19793: checking for zlib.h
configure:19800: result: yes
configure:19823: checking usb.h usability
configure:19835: gcc -c -g -O2 -DUSE_DARWIN  conftest.c >&5
configure:19841: $? = 0
configure:19844: test -z 			 || test ! -s conftest.err
configure:19847: $? = 0
configure:19850: test -s conftest.o
configure:19853: $? = 0
configure:19863: result: yes
configure:19867: checking usb.h presence
configure:19877: gcc -E  conftest.c
configure:19883: $? = 0
configure:19903: result: yes
configure:19938: checking for usb.h
configure:19945: result: yes
configure:19966: checking for an ANSI C-conforming const
configure:20033: gcc -c -g -O2 -DUSE_DARWIN  conftest.c >&5
configure:20039: $? = 0
configure:20042: test -z 			 || test ! -s conftest.err
configure:20045: $? = 0
configure:20048: test -s conftest.o
configure:20051: $? = 0
configure:20062: result: yes
configure:20072: checking for off_t
configure:20096: gcc -c -g -O2 -DUSE_DARWIN  conftest.c >&5
configure:20102: $? = 0
configure:20105: test -z 			 || test ! -s conftest.err
configure:20108: $? = 0
configure:20111: test -s conftest.o
configure:20114: $? = 0
configure:20125: result: yes
configure:20137: checking return type of signal handlers
configure:20168: gcc -c -g -O2 -DUSE_DARWIN  conftest.c >&5
configure:20174: $? = 0
configure:20177: test -z 			 || test ! -s conftest.err
configure:20180: $? = 0
configure:20183: test -s conftest.o
configure:20186: $? = 0
configure:20197: result: void
configure:20205: checking for size_t
configure:20229: gcc -c -g -O2 -DUSE_DARWIN  conftest.c >&5
configure:20235: $? = 0
configure:20238: test -z 			 || test ! -s conftest.err
configure:20241: $? = 0
configure:20244: test -s conftest.o
configure:20247: $? = 0
configure:20258: result: yes
configure:20271: checking for struct stat.st_blksize
configure:20294: gcc -c -g -O2 -DUSE_DARWIN  conftest.c >&5
configure:20300: $? = 0
configure:20303: test -z 			 || test ! -s conftest.err
configure:20306: $? = 0
configure:20309: test -s conftest.o
configure:20312: $? = 0
configure:20368: result: yes
configure:20391: checking for stdlib.h
configure:20396: result: yes
configure:20535: checking for GNU libc compatible malloc
configure:20564: gcc -o conftest -g -O2 -DUSE_DARWIN  -framework Foundation conftest.c -lusb  >&5
configure:20567: $? = 0
configure:20569: ./conftest
configure:20572: $? = 0
configure:20586: result: yes
configure:20616: checking for working memcmp
configure:20664: gcc -o conftest -g -O2 -DUSE_DARWIN  -framework Foundation conftest.c -lusb  >&5
configure:20667: $? = 0
configure:20669: ./conftest
configure:20672: $? = 0
configure:20686: result: yes
configure:20697: checking whether lstat dereferences a symlink specified with a trailing slash
configure:20728: gcc -o conftest -g -O2 -DUSE_DARWIN  -framework Foundation conftest.c -lusb  >&5
configure:20731: $? = 0
configure:20733: ./conftest
configure:20736: $? = 1
configure: program exited with status 1
configure: failed program was:
| /* confdefs.h.  */
| 
| #define PACKAGE_NAME "libnjb"
| #define PACKAGE_TARNAME "libnjb"
| #define PACKAGE_VERSION "2.1"
| #define PACKAGE_STRING "libnjb 2.1"
| #define PACKAGE_BUGREPORT "libnjb-users@lists.sourceforge.net"
| #define PACKAGE "libnjb"
| #define VERSION "2.1"
| #define STDC_HEADERS 1
| #define HAVE_SYS_TYPES_H 1
| #define HAVE_SYS_STAT_H 1
| #define HAVE_STDLIB_H 1
| #define HAVE_STRING_H 1
| #define HAVE_MEMORY_H 1
| #define HAVE_STRINGS_H 1
| #define HAVE_INTTYPES_H 1
| #define HAVE_STDINT_H 1
| #define HAVE_UNISTD_H 1
| #define HAVE_DLFCN_H 1
| #ifdef __cplusplus
| extern "C" void std::exit (int) throw (); using std::exit;
| #endif
| #define HAVE_LIBUSB 1
| #define STDC_HEADERS 1
| #define TIME_WITH_SYS_TIME 1
| #define HAVE_CTYPE_H 1
| #define HAVE_CURSES_H 1
| #define HAVE_ERRNO_H 1
| #define HAVE_FCNTL_H 1
| #define HAVE_GETOPT_H 1
| #define HAVE_LIBGEN_H 1
| #define HAVE_LIMITS_H 1
| #define HAVE_STDIO_H 1
| #define HAVE_STRING_H 1
| #define HAVE_SYS_STAT_H 1
| #define HAVE_SYS_TIME_H 1
| #define HAVE_UNISTD_H 1
| #define HAVE_ZLIB_H 1
| #define RETSIGTYPE void
| #define HAVE_STRUCT_STAT_ST_BLKSIZE 1
| #define HAVE_ST_BLKSIZE 1
| #define HAVE_STDLIB_H 1
| #define HAVE_MALLOC 1
| /* end confdefs.h.  */
| #include <stdio.h>
| #if HAVE_SYS_TYPES_H
| # include <sys/types.h>
| #endif
| #if HAVE_SYS_STAT_H
| # include <sys/stat.h>
| #endif
| #if STDC_HEADERS
| # include <stdlib.h>
| # include <stddef.h>
| #else
| # if HAVE_STDLIB_H
| #  include <stdlib.h>
| # endif
| #endif
| #if HAVE_STRING_H
| # if !STDC_HEADERS && HAVE_MEMORY_H
| #  include <memory.h>
| # endif
| # include <string.h>
| #endif
| #if HAVE_STRINGS_H
| # include <strings.h>
| #endif
| #if HAVE_INTTYPES_H
| # include <inttypes.h>
| #else
| # if HAVE_STDINT_H
| #  include <stdint.h>
| # endif
| #endif
| #if HAVE_UNISTD_H
| # include <unistd.h>
| #endif
| int
| main ()
| {
| struct stat sbuf;
|      /* Linux will dereference the symlink and fail.
| 	That is better in the sense that it means we will not
| 	have to compile and use the lstat wrapper.  */
|      exit (lstat ("conftest.sym/", &sbuf) ? 0 : 1);
|   ;
|   return 0;
| }
configure:20757: result: no
configure:20778: checking whether stat accepts an empty string
configure:20803: gcc -o conftest -g -O2 -DUSE_DARWIN  -framework Foundation conftest.c -lusb  >&5
configure:20806: $? = 0
configure:20808: ./conftest
configure:20811: $? = 1
configure: program exited with status 1
configure: failed program was:
| /* confdefs.h.  */
| 
| #define PACKAGE_NAME "libnjb"
| #define PACKAGE_TARNAME "libnjb"
| #define PACKAGE_VERSION "2.1"
| #define PACKAGE_STRING "libnjb 2.1"
| #define PACKAGE_BUGREPORT "libnjb-users@lists.sourceforge.net"
| #define PACKAGE "libnjb"
| #define VERSION "2.1"
| #define STDC_HEADERS 1
| #define HAVE_SYS_TYPES_H 1
| #define HAVE_SYS_STAT_H 1
| #define HAVE_STDLIB_H 1
| #define HAVE_STRING_H 1
| #define HAVE_MEMORY_H 1
| #define HAVE_STRINGS_H 1
| #define HAVE_INTTYPES_H 1
| #define HAVE_STDINT_H 1
| #define HAVE_UNISTD_H 1
| #define HAVE_DLFCN_H 1
| #ifdef __cplusplus
| extern "C" void std::exit (int) throw (); using std::exit;
| #endif
| #define HAVE_LIBUSB 1
| #define STDC_HEADERS 1
| #define TIME_WITH_SYS_TIME 1
| #define HAVE_CTYPE_H 1
| #define HAVE_CURSES_H 1
| #define HAVE_ERRNO_H 1
| #define HAVE_FCNTL_H 1
| #define HAVE_GETOPT_H 1
| #define HAVE_LIBGEN_H 1
| #define HAVE_LIMITS_H 1
| #define HAVE_STDIO_H 1
| #define HAVE_STRING_H 1
| #define HAVE_SYS_STAT_H 1
| #define HAVE_SYS_TIME_H 1
| #define HAVE_UNISTD_H 1
| #define HAVE_ZLIB_H 1
| #define RETSIGTYPE void
| #define HAVE_STRUCT_STAT_ST_BLKSIZE 1
| #define HAVE_ST_BLKSIZE 1
| #define HAVE_STDLIB_H 1
| #define HAVE_MALLOC 1
| /* end confdefs.h.  */
| #include <stdio.h>
| #if HAVE_SYS_TYPES_H
| # include <sys/types.h>
| #endif
| #if HAVE_SYS_STAT_H
| # include <sys/stat.h>
| #endif
| #if STDC_HEADERS
| # include <stdlib.h>
| # include <stddef.h>
| #else
| # if HAVE_STDLIB_H
| #  include <stdlib.h>
| # endif
| #endif
| #if HAVE_STRING_H
| # if !STDC_HEADERS && HAVE_MEMORY_H
| #  include <memory.h>
| # endif
| # include <string.h>
| #endif
| #if HAVE_STRINGS_H
| # include <strings.h>
| #endif
| #if HAVE_INTTYPES_H
| # include <inttypes.h>
| #else
| # if HAVE_STDINT_H
| #  include <stdint.h>
| # endif
| #endif
| #if HAVE_UNISTD_H
| # include <unistd.h>
| #endif
| int
| main ()
| {
| struct stat sbuf;
|   exit (stat ("", &sbuf) ? 1 : 0);
|   ;
|   return 0;
| }
configure:20825: result: no
configure:20854: checking for basename
configure:20911: gcc -o conftest -g -O2 -DUSE_DARWIN  -framework Foundation conftest.c -lusb  >&5
configure:20917: $? = 0
configure:20920: test -z 			 || test ! -s conftest.err
configure:20923: $? = 0
configure:20926: test -s conftest
configure:20929: $? = 0
configure:20941: result: yes
configure:20854: checking for memset
configure:20911: gcc -o conftest -g -O2 -DUSE_DARWIN  -framework Foundation conftest.c -lusb  >&5
conftest.c:71: warning: conflicting types for built-in function `memset'
configure:20917: $? = 0
configure:20920: test -z 			 || test ! -s conftest.err
configure:20923: $? = 0
configure:20926: test -s conftest
configure:20929: $? = 0
configure:20941: result: yes
configure:20854: checking for select
configure:20911: gcc -o conftest -g -O2 -DUSE_DARWIN  -framework Foundation conftest.c -lusb  >&5
configure:20917: $? = 0
configure:20920: test -z 			 || test ! -s conftest.err
configure:20923: $? = 0
configure:20926: test -s conftest
configure:20929: $? = 0
configure:20941: result: yes
configure:20854: checking for strdup
configure:20911: gcc -o conftest -g -O2 -DUSE_DARWIN  -framework Foundation conftest.c -lusb  >&5
configure:20917: $? = 0
configure:20920: test -z 			 || test ! -s conftest.err
configure:20923: $? = 0
configure:20926: test -s conftest
configure:20929: $? = 0
configure:20941: result: yes
configure:20854: checking for strerror
configure:20911: gcc -o conftest -g -O2 -DUSE_DARWIN  -framework Foundation conftest.c -lusb  >&5
configure:20917: $? = 0
configure:20920: test -z 			 || test ! -s conftest.err
configure:20923: $? = 0
configure:20926: test -s conftest
configure:20929: $? = 0
configure:20941: result: yes
configure:20854: checking for strrchr
configure:20911: gcc -o conftest -g -O2 -DUSE_DARWIN  -framework Foundation conftest.c -lusb  >&5
conftest.c:75: warning: conflicting types for built-in function `strrchr'
configure:20917: $? = 0
configure:20920: test -z 			 || test ! -s conftest.err
configure:20923: $? = 0
configure:20926: test -s conftest
configure:20929: $? = 0
configure:20941: result: yes
configure:20854: checking for strtoul
configure:20911: gcc -o conftest -g -O2 -DUSE_DARWIN  -framework Foundation conftest.c -lusb  >&5
configure:20917: $? = 0
configure:20920: test -z 			 || test ! -s conftest.err
configure:20923: $? = 0
configure:20926: test -s conftest
configure:20929: $? = 0
configure:20941: result: yes
configure:20854: checking for usleep
configure:20911: gcc -o conftest -g -O2 -DUSE_DARWIN  -framework Foundation conftest.c -lusb  >&5
configure:20917: $? = 0
configure:20920: test -z 			 || test ! -s conftest.err
configure:20923: $? = 0
configure:20926: test -s conftest
configure:20929: $? = 0
configure:20941: result: yes
configure:21140: creating ./config.status

## ---------------------- ##
## Running config.status. ##
## ---------------------- ##

This file was extended by libnjb config.status 2.1, which was
generated by GNU Autoconf 2.59.  Invocation command line was

  CONFIG_FILES    = 
  CONFIG_HEADERS  = 
  CONFIG_LINKS    = 
  CONFIG_COMMANDS = 
  $ ./config.status 

on ral46.local

config.status:771: creating src/libnjb.h
config.status:771: creating doc/Doxyfile
config.status:771: creating Makefile
config.status:771: creating doc/Makefile
config.status:771: creating src/Makefile
config.status:771: creating sample/Makefile
config.status:771: creating nomadjukebox
config.status:771: creating hotplug.sh
config.status:771: creating libnjb.pc
config.status:837: creating config.h
config.status:1201: executing depfiles commands

## ---------------- ##
## Cache variables. ##
## ---------------- ##

ac_cv_build=powerpc-apple-darwin7.8.0
ac_cv_build_alias=powerpc-apple-darwin7.8.0
ac_cv_c_compiler_gnu=yes
ac_cv_c_const=yes
ac_cv_cxx_compiler_gnu=yes
ac_cv_env_CC_set=
ac_cv_env_CC_value=
ac_cv_env_CFLAGS_set=
ac_cv_env_CFLAGS_value=
ac_cv_env_CPPFLAGS_set=
ac_cv_env_CPPFLAGS_value=
ac_cv_env_CPP_set=
ac_cv_env_CPP_value=
ac_cv_env_CXXCPP_set=
ac_cv_env_CXXCPP_value=
ac_cv_env_CXXFLAGS_set=
ac_cv_env_CXXFLAGS_value=
ac_cv_env_CXX_set=
ac_cv_env_CXX_value=
ac_cv_env_F77_set=
ac_cv_env_F77_value=
ac_cv_env_FFLAGS_set=
ac_cv_env_FFLAGS_value=
ac_cv_env_LDFLAGS_set=set
ac_cv_env_LDFLAGS_value='-framework Foundation'
ac_cv_env_build_alias_set=
ac_cv_env_build_alias_value=
ac_cv_env_host_alias_set=
ac_cv_env_host_alias_value=
ac_cv_env_target_alias_set=
ac_cv_env_target_alias_value=
ac_cv_exeext=
ac_cv_f77_compiler_gnu=no
ac_cv_func_basename=yes
ac_cv_func_lstat_dereferences_slashed_symlink=no
ac_cv_func_malloc_0_nonnull=yes
ac_cv_func_memcmp_working=yes
ac_cv_func_memset=yes
ac_cv_func_select=yes
ac_cv_func_stat_empty_string_bug=no
ac_cv_func_strdup=yes
ac_cv_func_strerror=yes
ac_cv_func_strrchr=yes
ac_cv_func_strtoul=yes
ac_cv_func_usleep=yes
ac_cv_header_ctype_h=yes
ac_cv_header_curses_h=yes
ac_cv_header_dlfcn_h=yes
ac_cv_header_errno_h=yes
ac_cv_header_fcntl_h=yes
ac_cv_header_getopt_h=yes
ac_cv_header_inttypes_h=yes
ac_cv_header_libgen_h=yes
ac_cv_header_limits_h=yes
ac_cv_header_memory_h=yes
ac_cv_header_stdc=yes
ac_cv_header_stdint_h=yes
ac_cv_header_stdio_h=yes
ac_cv_header_stdlib_h=yes
ac_cv_header_string_h=yes
ac_cv_header_strings_h=yes
ac_cv_header_sys_stat_h=yes
ac_cv_header_sys_time_h=yes
ac_cv_header_sys_types_h=yes
ac_cv_header_time=yes
ac_cv_header_unistd_h=yes
ac_cv_header_usb_h=yes
ac_cv_header_zlib_h=yes
ac_cv_host=powerpc-apple-darwin7.8.0
ac_cv_host_alias=powerpc-apple-darwin7.8.0
ac_cv_lib_curses_initscr=yes
ac_cv_lib_usb_usb_control_msg=yes
ac_cv_lib_z_uncompress=yes
ac_cv_member_struct_stat_st_blksize=yes
ac_cv_objext=o
ac_cv_path_install='/usr/bin/install -c'
ac_cv_prog_AWK=awk
ac_cv_prog_CPP='gcc -E'
ac_cv_prog_CXXCPP='g++ -E'
ac_cv_prog_HAVE_DOXYGEN=false
ac_cv_prog_ac_ct_AR=ar
ac_cv_prog_ac_ct_CC=gcc
ac_cv_prog_ac_ct_CXX=g++
ac_cv_prog_ac_ct_RANLIB=ranlib
ac_cv_prog_ac_ct_STRIP=strip
ac_cv_prog_cc_g=yes
ac_cv_prog_cc_stdc=
ac_cv_prog_cxx_g=yes
ac_cv_prog_egrep='grep -E'
ac_cv_prog_f77_g=no
ac_cv_prog_make_make_set=yes
ac_cv_type_off_t=yes
ac_cv_type_signal=void
ac_cv_type_size_t=yes
am_cv_CC_dependencies_compiler_type=none
am_cv_CXX_dependencies_compiler_type=none
lt_cv_deplibs_check_method=pass_all
lt_cv_file_magic_cmd='$MAGIC_CMD'
lt_cv_file_magic_test_file=
lt_cv_ld_reload_flag=-r
lt_cv_objdir=.libs
lt_cv_path_LD=/usr/bin/ld
lt_cv_path_LDCXX=/usr/bin/ld
lt_cv_path_NM='/usr/bin/nm -p'
lt_cv_path_SED=/usr/bin/sed
lt_cv_prog_compiler_c_o=yes
lt_cv_prog_compiler_c_o_CXX=yes
lt_cv_prog_compiler_rtti_exceptions=no
lt_cv_prog_gnu_ld=no
lt_cv_prog_gnu_ldcxx=no
lt_cv_sys_global_symbol_pipe='sed -n -e '\''s/^.*[ 	]\([BCDEGRST][BCDEGRST]*\)[ 	][ 	]*\(_\)\([_A-Za-z][_A-Za-z0-9]*\)$/\1 \2\3 \3/p'\'''
lt_cv_sys_global_symbol_to_c_name_address='sed -n -e '\''s/^: \([^ ]*\) $/  {\"\1\", (lt_ptr) 0},/p'\'' -e '\''s/^[BCDEGRST] \([^ ]*\) \([^ ]*\)$/  {"\2", (lt_ptr) \&\2},/p'\'''
lt_cv_sys_global_symbol_to_cdecl='sed -n -e '\''s/^. .* \(.*\)$/extern int \1;/p'\'''
lt_cv_sys_max_cmd_len=65536
lt_lt_cv_prog_compiler_c_o='"yes"'
lt_lt_cv_prog_compiler_c_o_CXX='"yes"'
lt_lt_cv_sys_global_symbol_pipe='"sed -n -e '\''s/^.*[ 	]\\([BCDEGRST][BCDEGRST]*\\)[ 	][ 	]*\\(_\\)\\([_A-Za-z][_A-Za-z0-9]*\\)\$/\\1 \\2\\3 \\3/p'\''"'
lt_lt_cv_sys_global_symbol_to_c_name_address='"sed -n -e '\''s/^: \\([^ ]*\\) \$/  {\\\"\\1\\\", (lt_ptr) 0},/p'\'' -e '\''s/^[BCDEGRST] \\([^ ]*\\) \\([^ ]*\\)\$/  {\"\\2\", (lt_ptr) \\&\\2},/p'\''"'
lt_lt_cv_sys_global_symbol_to_cdecl='"sed -n -e '\''s/^. .* \\(.*\\)\$/extern int \\1;/p'\''"'

## ----------------- ##
## Output variables. ##
## ----------------- ##

ACLOCAL='aclocal-1.9'
AMDEPBACKSLASH='\'
AMDEP_FALSE='#'
AMDEP_TRUE=''
AMTAR='tar'
AR='ar'
AUTOCONF='autoconf'
AUTOHEADER='autoheader'
AUTOMAKE='automake-1.9'
AWK='awk'
CC='gcc'
CCDEPMODE='depmode=none'
CFLAGS='-Wall -Wmissing-prototypes -g -O2'
CPP='gcc -E'
CPPFLAGS=''
CURSESPLAY='cursesplay'
CXX='g++'
CXXCPP='g++ -E'
CXXDEPMODE='depmode=none'
CXXFLAGS='-g -O2'
CYGPATH_W='echo'
DEFS='-DHAVE_CONFIG_H'
DEPDIR='.deps'
ECHO='echo'
ECHO_C=''
ECHO_N='-n'
ECHO_T=''
EGREP='grep -E'
EXEEXT=''
F77=''
FFLAGS=''
HAVE_DOXYGEN='false'
HAVE_DOXYGEN_FALSE=''
HAVE_DOXYGEN_TRUE='#'
HOTPLUGENABLE_FALSE=''
HOTPLUGENABLE_TRUE='#'
HOTPLUGOWNER='CONSOLE'
HOTPLUGPATH='/etc/hotplug'
HOTPLUGPERMS='0600'
INSTALL_DATA='${INSTALL} -m 644'
INSTALL_PROGRAM='${INSTALL}'
INSTALL_SCRIPT='${INSTALL}'
INSTALL_STRIP_PROGRAM='${SHELL} $(install_sh) -c -s'
LDFLAGS='-framework Foundation'
LIBOBJS=' lstat$U.o'
LIBS='-lusb '
LIBTOOL='$(SHELL) $(top_builddir)/libtool'
LN_S='ln -s'
LTLIBOBJS=' lstat$U.lo'
MAKEINFO='makeinfo'
OBJEXT='o'
PACKAGE='libnjb'
PACKAGE_BUGREPORT='libnjb-users@lists.sourceforge.net'
PACKAGE_NAME='libnjb'
PACKAGE_STRING='libnjb 2.1'
PACKAGE_TARNAME='libnjb'
PACKAGE_VERSION='2.1'
PATH_SEPARATOR=':'
RANLIB='ranlib'
SAMPLE_LDADD='-lz'
SET_MAKE=''
SHELL='/bin/sh'
STRIP='strip'
VERSION='2.1'
ac_ct_AR='ar'
ac_ct_CC='gcc'
ac_ct_CXX='g++'
ac_ct_F77=''
ac_ct_RANLIB='ranlib'
ac_ct_STRIP='strip'
am__fastdepCC_FALSE=''
am__fastdepCC_TRUE='#'
am__fastdepCXX_FALSE=''
am__fastdepCXX_TRUE='#'
am__include='include'
am__leading_dot='.'
am__quote=''
am__tar='${AMTAR} chof - "$$tardir"'
am__untar='${AMTAR} xf -'
bindir='${exec_prefix}/bin'
build='powerpc-apple-darwin7.8.0'
build_alias=''
build_cpu='powerpc'
build_os='darwin7.8.0'
build_vendor='apple'
datadir='${prefix}/share'
exec_prefix='${prefix}'
host='powerpc-apple-darwin7.8.0'
host_alias=''
host_cpu='powerpc'
host_os='darwin7.8.0'
host_vendor='apple'
includedir='${prefix}/include'
infodir='${prefix}/info'
install_sh='/Users/richard/downloads/libnjb-cvs/libnjb/install-sh'
libdir='${exec_prefix}/lib'
libexecdir='${exec_prefix}/libexec'
localstatedir='${prefix}/var'
mandir='${prefix}/man'
mkdir_p='mkdir -p --'
oldincludedir='/usr/include'
prefix='/usr/local'
program_transform_name='s,x,x,'
sbindir='${exec_prefix}/sbin'
sharedstatedir='${prefix}/com'
sysconfdir='${prefix}/etc'
target_alias=''

## ----------- ##
## confdefs.h. ##
## ----------- ##

#define HAVE_BASENAME 1
#define HAVE_CTYPE_H 1
#define HAVE_CURSES_H 1
#define HAVE_DLFCN_H 1
#define HAVE_ERRNO_H 1
#define HAVE_FCNTL_H 1
#define HAVE_GETOPT_H 1
#define HAVE_INTTYPES_H 1
#define HAVE_LIBGEN_H 1
#define HAVE_LIBUSB 1
#define HAVE_LIMITS_H 1
#define HAVE_MALLOC 1
#define HAVE_MEMORY_H 1
#define HAVE_MEMSET 1
#define HAVE_SELECT 1
#define HAVE_STDINT_H 1
#define HAVE_STDIO_H 1
#define HAVE_STDLIB_H 1
#define HAVE_STDLIB_H 1
#define HAVE_STRDUP 1
#define HAVE_STRERROR 1
#define HAVE_STRINGS_H 1
#define HAVE_STRING_H 1
#define HAVE_STRING_H 1
#define HAVE_STRRCHR 1
#define HAVE_STRTOUL 1
#define HAVE_STRUCT_STAT_ST_BLKSIZE 1
#define HAVE_ST_BLKSIZE 1
#define HAVE_SYS_STAT_H 1
#define HAVE_SYS_STAT_H 1
#define HAVE_SYS_TIME_H 1
#define HAVE_SYS_TYPES_H 1
#define HAVE_UNISTD_H 1
#define HAVE_UNISTD_H 1
#define HAVE_USLEEP 1
#define HAVE_ZLIB_H 1
#define PACKAGE "libnjb"
#define PACKAGE_BUGREPORT "libnjb-users@lists.sourceforge.net"
#define PACKAGE_NAME "libnjb"
#define PACKAGE_STRING "libnjb 2.1"
#define PACKAGE_TARNAME "libnjb"
#define PACKAGE_VERSION "2.1"
#define RETSIGTYPE void
#define STDC_HEADERS 1
#define STDC_HEADERS 1
#define TIME_WITH_SYS_TIME 1
#define VERSION "2.1"
#endif
#ifdef __cplusplus
extern "C" void std::exit (int) throw (); using std::exit;

configure: exit 0
