This file contains any messages produced by compilers while
running configure, to aid debugging if configure makes a mistake.

It was created by configure, which was
generated by GNU Autoconf 2.61.  Invocation command line was

  $ ./configure --enable-mp4

## --------- ##
## Platform. ##
## --------- ##

hostname = baboon
uname -m = i386
uname -r = 10.3.0
uname -s = Darwin
uname -v = Darwin Kernel Version 10.3.0: Fri Feb 26 11:58:09 PST 2010; root:xnu-1504.3.12~1/RELEASE_I386

/usr/bin/uname -p = i386
/bin/uname -X     = unknown

/bin/arch              = unknown
/usr/bin/arch -k       = unknown
/usr/convex/getsysinfo = unknown
/usr/bin/hostinfo      = Mach kernel version:
	 Darwin Kernel Version 10.3.0: Fri Feb 26 11:58:09 PST 2010; root:xnu-1504.3.12~1/RELEASE_I386
Kernel configured for up to 2 processors.
2 processors are physically available.
2 processors are logically available.
Processor type: i486 (Intel 80486)
Processors active: 0 1
Primary memory available: 2.00 gigabytes
Default processor set: 65 tasks, 278 threads, 2 processors
Load average: 0.50, Mach factor: 1.49
/bin/machine           = unknown
/usr/bin/oslevel       = unknown
/bin/universe          = unknown

PATH: /usr/bin
PATH: /bin
PATH: /usr/sbin
PATH: /sbin
PATH: /usr/local/bin
PATH: /usr/X11/bin
PATH: /usr/local/bin
PATH: /usr/texbin
PATH: /usr/local/bin
PATH: /sw/bin
PATH: /sw/local/bin


## ----------- ##
## Core tests. ##
## ----------- ##

configure:2012: checking build system type
configure:2030: result: i686-apple-darwin10.3.0
configure:2052: checking host system type
configure:2067: result: i686-apple-darwin10.3.0
configure:2089: checking target system type
configure:2104: result: i686-apple-darwin10.3.0
configure:2166: checking for a BSD-compatible install
configure:2222: result: /usr/bin/install -c
configure:2237: checking for -p flag to install
configure:2250: result: yes
configure:2261: checking whether build environment is sane
configure:2304: result: yes
configure:2319: checking for a thread-safe mkdir -p
configure:2358: result: admin/install-sh -c -d
configure:2371: checking for gawk
configure:2387: found /sw/bin/gawk
configure:2398: result: gawk
configure:2409: checking whether make sets $(MAKE)
configure:2430: result: yes
configure:2666: checking for style of include used by make
configure:2694: result: GNU
configure:2841: checking for gcc
configure:2857: found /usr/bin/gcc
configure:2868: result: gcc
configure:3106: checking for C compiler version
configure:3113: gcc --version >&5
i686-apple-darwin10-gcc-4.2.1 (GCC) 4.2.1 (Apple Inc. build 5646) (dot 1)
Copyright (C) 2007 Free Software Foundation, Inc.
This is free software; see the source for copying conditions.  There is NO
warranty; not even for MERCHANTABILITY or FITNESS FOR A PARTICULAR PURPOSE.

configure:3116: $? = 0
configure:3123: gcc -v >&5
Using built-in specs.
Target: i686-apple-darwin10
Configured with: /var/tmp/gcc/gcc-5646.1~2/src/configure --disable-checking --enable-werror --prefix=/usr --mandir=/share/man --enable-languages=c,objc,c++,obj-c++ --program-transform-name=/^[cg][^.-]*$/s/$/-4.2/ --with-slibdir=/usr/lib --build=i686-apple-darwin10 --with-gxx-include-dir=/include/c++/4.2.1 --program-prefix=i686-apple-darwin10- --host=x86_64-apple-darwin10 --target=i686-apple-darwin10
Thread model: posix
gcc version 4.2.1 (Apple Inc. build 5646) (dot 1)
configure:3126: $? = 0
configure:3133: gcc -V >&5
gcc-4.2: argument to `-V' is missing
configure:3136: $? = 1
configure:3159: checking for C compiler default output file name
configure:3186: gcc     conftest.c  >&5
configure:3189: $? = 0
configure:3227: result: a.out
configure:3244: checking whether the C compiler works
configure:3254: ./a.out
configure:3257: $? = 0
configure:3274: result: yes
configure:3281: checking whether we are cross compiling
configure:3283: result: no
configure:3286: checking for suffix of executables
configure:3293: gcc -o conftest     conftest.c  >&5
configure:3296: $? = 0
configure:3320: result: 
configure:3326: checking for suffix of object files
configure:3352: gcc -c    conftest.c >&5
configure:3355: $? = 0
configure:3378: result: o
configure:3382: checking whether we are using the GNU C compiler
configure:3411: gcc -c    conftest.c >&5
configure:3417: $? = 0
configure:3434: result: yes
configure:3439: checking whether gcc accepts -g
configure:3469: gcc -c -g  conftest.c >&5
configure:3475: $? = 0
configure:3574: result: yes
configure:3591: checking for gcc option to accept ISO C89
configure:3665: gcc  -c    conftest.c >&5
configure:3671: $? = 0
configure:3694: result: none needed
configure:3714: checking dependency style of gcc
configure:3805: result: gcc3
configure:3826: checking how to run the C preprocessor
configure:3866: gcc -E  conftest.c
configure:3872: $? = 0
configure:3903: gcc -E  conftest.c
conftest.c:10:28: error: ac_nonexistent.h: No such file or directory
configure:3909: $? = 1
configure: failed program was:
| /* confdefs.h.  */
| #define PACKAGE_NAME ""
| #define PACKAGE_TARNAME ""
| #define PACKAGE_VERSION ""
| #define PACKAGE_STRING ""
| #define PACKAGE_BUGREPORT ""
| #define PACKAGE "taglib"
| #define VERSION "1.6.1"
| /* end confdefs.h.  */
| #include <ac_nonexistent.h>
configure:3942: result: gcc -E
configure:3971: gcc -E  conftest.c
configure:3977: $? = 0
configure:4008: gcc -E  conftest.c
conftest.c:10:28: error: ac_nonexistent.h: No such file or directory
configure:4014: $? = 1
configure: failed program was:
| /* confdefs.h.  */
| #define PACKAGE_NAME ""
| #define PACKAGE_TARNAME ""
| #define PACKAGE_VERSION ""
| #define PACKAGE_STRING ""
| #define PACKAGE_BUGREPORT ""
| #define PACKAGE "taglib"
| #define VERSION "1.6.1"
| /* end confdefs.h.  */
| #include <ac_nonexistent.h>
configure:4138: checking for g++
configure:4154: found /usr/bin/g++
configure:4165: result: g++
configure:4196: checking for C++ compiler version
configure:4203: g++ --version >&5
i686-apple-darwin10-g++-4.2.1 (GCC) 4.2.1 (Apple Inc. build 5646) (dot 1)
Copyright (C) 2007 Free Software Foundation, Inc.
This is free software; see the source for copying conditions.  There is NO
warranty; not even for MERCHANTABILITY or FITNESS FOR A PARTICULAR PURPOSE.

configure:4206: $? = 0
configure:4213: g++ -v >&5
Using built-in specs.
Target: i686-apple-darwin10
Configured with: /var/tmp/gcc/gcc-5646.1~2/src/configure --disable-checking --enable-werror --prefix=/usr --mandir=/share/man --enable-languages=c,objc,c++,obj-c++ --program-transform-name=/^[cg][^.-]*$/s/$/-4.2/ --with-slibdir=/usr/lib --build=i686-apple-darwin10 --with-gxx-include-dir=/include/c++/4.2.1 --program-prefix=i686-apple-darwin10- --host=x86_64-apple-darwin10 --target=i686-apple-darwin10
Thread model: posix
gcc version 4.2.1 (Apple Inc. build 5646) (dot 1)
configure:4216: $? = 0
configure:4223: g++ -V >&5
g++-4.2: argument to `-V' is missing
configure:4226: $? = 1
configure:4229: checking whether we are using the GNU C++ compiler
configure:4258: g++ -c    conftest.cpp >&5
configure:4264: $? = 0
configure:4281: result: yes
configure:4286: checking whether g++ accepts -g
configure:4316: g++ -c -g  conftest.cpp >&5
configure:4322: $? = 0
configure:4421: result: yes
configure:4446: checking dependency style of g++
configure:4537: result: gcc3
configure:4554: checking whether gcc is blacklisted
configure:4585: gcc -c -O2    conftest.c >&5
configure:4591: $? = 0
configure:4607: result: no
configure:5104: checking whether g++ supports -Wundef
configure:5144: rm -rf SunWS_cache; g++ -o conftest -Wall -W -Wpointer-arith -O2   -Wundef   conftest.cpp  1>&5
configure:5150: $? = 0
configure:5177: result: yes
configure:5189: checking whether g++ supports -Wno-long-long
configure:5229: rm -rf SunWS_cache; g++ -o conftest -Wundef -Wall -W -Wpointer-arith -O2   -Wno-long-long   conftest.cpp  1>&5
configure:5235: $? = 0
configure:5262: result: yes
configure:5274: checking whether g++ supports -Wno-non-virtual-dtor
configure:5314: rm -rf SunWS_cache; g++ -o conftest -Wno-long-long -Wundef -Wall -W -Wpointer-arith -O2   -Wno-non-virtual-dtor   conftest.cpp  1>&5
configure:5320: $? = 0
configure:5347: result: yes
configure:5379: checking whether g++ supports -fno-reorder-blocks
configure:5419: rm -rf SunWS_cache; g++ -o conftest -Wno-long-long -Wundef -Wall -W -Wpointer-arith -O2   -Wno-non-virtual-dtor -fno-reorder-blocks   conftest.cpp  1>&5
configure:5425: $? = 0
configure:5452: result: yes
configure:5470: checking whether g++ supports -fno-exceptions
configure:5510: rm -rf SunWS_cache; g++ -o conftest -Wno-long-long -Wundef -Wall -W -Wpointer-arith -O2   -Wno-non-virtual-dtor -fno-exceptions   conftest.cpp  1>&5
configure:5516: $? = 0
configure:5543: result: yes
configure:5555: checking whether g++ supports -fno-check-new
configure:5595: rm -rf SunWS_cache; g++ -o conftest -Wno-long-long -Wundef -Wall -W -Wpointer-arith -O2   -Wno-non-virtual-dtor -fno-exceptions -fno-check-new   conftest.cpp  1>&5
configure:5601: $? = 0
configure:5628: result: yes
configure:5640: checking whether g++ supports -fno-common
configure:5680: rm -rf SunWS_cache; g++ -o conftest -Wno-long-long -Wundef -Wall -W -Wpointer-arith -O2   -Wno-non-virtual-dtor -fno-exceptions -fno-check-new -fno-common   conftest.cpp  1>&5
configure:5686: $? = 0
configure:5713: result: yes
configure:5725: checking whether g++ supports -fexceptions
configure:5765: rm -rf SunWS_cache; g++ -o conftest -Wno-long-long -Wundef -Wall -W -Wpointer-arith -O2   -Wno-non-virtual-dtor -fno-exceptions -fno-check-new -fno-common -fexceptions   conftest.cpp  1>&5
configure:5771: $? = 0
configure:5798: result: yes
configure:5841: checking whether system headers can cope with -O2 -fno-inline
configure:5907: result: irrelevant
configure:6543: checking how to run the C++ preprocessor
configure:6579: g++ -E  conftest.cpp
configure:6585: $? = 0
configure:6616: g++ -E  conftest.cpp
conftest.cpp:10:28: error: ac_nonexistent.h: No such file or directory
configure:6622: $? = 1
configure: failed program was:
| /* confdefs.h.  */
| #define PACKAGE_NAME ""
| #define PACKAGE_TARNAME ""
| #define PACKAGE_VERSION ""
| #define PACKAGE_STRING ""
| #define PACKAGE_BUGREPORT ""
| #define PACKAGE "taglib"
| #define VERSION "1.6.1"
| /* end confdefs.h.  */
| #include <ac_nonexistent.h>
configure:6655: result: g++ -E
configure:6684: g++ -E  conftest.cpp
configure:6690: $? = 0
configure:6721: g++ -E  conftest.cpp
conftest.cpp:10:28: error: ac_nonexistent.h: No such file or directory
configure:6727: $? = 1
configure: failed program was:
| /* confdefs.h.  */
| #define PACKAGE_NAME ""
| #define PACKAGE_TARNAME ""
| #define PACKAGE_VERSION ""
| #define PACKAGE_STRING ""
| #define PACKAGE_BUGREPORT ""
| #define PACKAGE "taglib"
| #define VERSION "1.6.1"
| /* end confdefs.h.  */
| #include <ac_nonexistent.h>
configure:6769: checking whether g++ supports -O0
configure:6809: rm -rf SunWS_cache; g++ -o conftest -Wno-long-long -Wundef -Wall -W -Wpointer-arith -O2 -Wno-non-virtual-dtor -fno-exceptions -fno-check-new -fno-common -O0   conftest.cpp  1>&5
configure:6815: $? = 0
configure:6842: result: yes
configure:7386: result: not using lib directory suffix
configure:7431: checking for a sed that does not truncate output
configure:7485: result: /usr/bin/sed
configure:7488: checking for grep that handles long lines and -e
configure:7562: result: /usr/bin/grep
configure:7567: checking for egrep
configure:7645: result: /usr/bin/grep -E
configure:7661: checking for ld used by gcc
configure:7728: result: /usr/libexec/gcc/i686-apple-darwin10/4.2.1/ld
configure:7737: checking if the linker (/usr/libexec/gcc/i686-apple-darwin10/4.2.1/ld) is GNU ld
configure:7752: result: no
configure:7757: checking for /usr/libexec/gcc/i686-apple-darwin10/4.2.1/ld option to reload object files
configure:7764: result: -r
configure:7773: checking for BSD-compatible nm
configure:7815: result: /usr/bin/nm
configure:7819: checking whether ln -s works
configure:7823: result: yes
configure:7830: checking how to recognise dependent libraries
configure:8037: result: pass_all
configure:8243: checking for ANSI C header files
configure:8273: gcc -c -O2    conftest.c >&5
configure:8279: $? = 0
configure:8378: gcc -o conftest -O2     conftest.c  >&5
configure:8381: $? = 0
configure:8387: ./conftest
configure:8390: $? = 0
configure:8407: result: yes
configure:8431: checking for sys/types.h
configure:8452: gcc -c -O2    conftest.c >&5
configure:8458: $? = 0
configure:8474: result: yes
configure:8431: checking for sys/stat.h
configure:8452: gcc -c -O2    conftest.c >&5
configure:8458: $? = 0
configure:8474: result: yes
configure:8431: checking for stdlib.h
configure:8452: gcc -c -O2    conftest.c >&5
configure:8458: $? = 0
configure:8474: result: yes
configure:8431: checking for string.h
configure:8452: gcc -c -O2    conftest.c >&5
configure:8458: $? = 0
configure:8474: result: yes
configure:8431: checking for memory.h
configure:8452: gcc -c -O2    conftest.c >&5
configure:8458: $? = 0
configure:8474: result: yes
configure:8431: checking for strings.h
configure:8452: gcc -c -O2    conftest.c >&5
configure:8458: $? = 0
configure:8474: result: yes
configure:8431: checking for inttypes.h
configure:8452: gcc -c -O2    conftest.c >&5
configure:8458: $? = 0
configure:8474: result: yes
configure:8431: checking for stdint.h
configure:8452: gcc -c -O2    conftest.c >&5
configure:8458: $? = 0
configure:8474: result: yes
configure:8431: checking for unistd.h
configure:8452: gcc -c -O2    conftest.c >&5
configure:8458: $? = 0
configure:8474: result: yes
configure:8501: checking dlfcn.h usability
configure:8518: gcc -c -O2    conftest.c >&5
configure:8524: $? = 0
configure:8538: result: yes
configure:8542: checking dlfcn.h presence
configure:8557: gcc -E  conftest.c
configure:8563: $? = 0
configure:8577: result: yes
configure:8605: checking for dlfcn.h
configure:8613: result: yes
configure:8679: checking for g77
configure:8709: result: no
configure:8679: checking for xlf
configure:8709: result: no
configure:8679: checking for f77
configure:8709: result: no
configure:8679: checking for frt
configure:8709: result: no
configure:8679: checking for pgf77
configure:8709: result: no
configure:8679: checking for cf77
configure:8709: result: no
configure:8679: checking for fort77
configure:8709: result: no
configure:8679: checking for fl32
configure:8709: result: no
configure:8679: checking for af77
configure:8709: result: no
configure:8679: checking for xlf90
configure:8709: result: no
configure:8679: checking for f90
configure:8709: result: no
configure:8679: checking for pgf90
configure:8709: result: no
configure:8679: checking for pghpf
configure:8709: result: no
configure:8679: checking for epcf90
configure:8709: result: no
configure:8679: checking for gfortran
configure:8709: result: no
configure:8679: checking for g95
configure:8709: result: no
configure:8679: checking for xlf95
configure:8709: result: no
configure:8679: checking for f95
configure:8709: result: no
configure:8679: checking for fort
configure:8709: result: no
configure:8679: checking for ifort
configure:8709: result: no
configure:8679: checking for ifc
configure:8709: result: no
configure:8679: checking for efc
configure:8709: result: no
configure:8679: checking for pgf95
configure:8709: result: no
configure:8679: checking for lf95
configure:8709: result: no
configure:8679: checking for ftn
configure:8709: result: no
configure:8736: checking for Fortran 77 compiler version
configure:8743:  --version >&5
./configure: line 8744: --version: command not found
configure:8746: $? = 127
configure:8753:  -v >&5
./configure: line 8754: -v: command not found
configure:8756: $? = 127
configure:8763:  -V >&5
./configure: line 8764: -V: command not found
configure:8766: $? = 127
configure:8774: checking whether we are using the GNU Fortran 77 compiler
configure:8793:  -c  conftest.F >&5
./configure: line 8794: -c: command not found
configure:8799: $? = 127
configure: failed program was:
|       program main
| #ifndef __GNUC__
|        choke me
| #endif
| 
|       end
configure:8816: result: no
configure:8822: checking whether  accepts -g
configure:8839:  -c -g conftest.f >&5
./configure: line 8840: -c: command not found
configure:8845: $? = 127
configure: failed program was:
|       program main
| 
|       end
configure:8861: result: no
configure:8891: checking the maximum length of command line arguments
configure:8950: result: 65536
configure:8961: checking command to parse /usr/bin/nm output from gcc object
configure:9050: gcc -c -O2    conftest.c >&5
configure:9053: $? = 0
configure:9057: /usr/bin/nm conftest.o \| sed -n -e 's/^.*[ 	]\([BCDEGRST][BCDEGRST]*\)[ 	][ 	]*\(\)\([_A-Za-z][_A-Za-z0-9]*\)$/\1 \2\3 \3/p' \> conftest.nm
configure:9060: $? = 0
cannot find nm_test_var in conftest.nm
configure:9050: gcc -c -O2    conftest.c >&5
configure:9053: $? = 0
configure:9057: /usr/bin/nm conftest.o \| sed -n -e 's/^.*[ 	]\([BCDEGRST][BCDEGRST]*\)[ 	][ 	]*\(_\)\([_A-Za-z][_A-Za-z0-9]*\)$/\1 \2\3 \3/p' \> conftest.nm
configure:9060: $? = 0
configure:9112: gcc -o conftest -O2     conftest.c conftstm.o >&5
configure:9115: $? = 0
configure:9153: result: ok
configure:9157: checking for objdir
configure:9172: result: .libs
configure:9264: checking for ar
configure:9280: found /usr/bin/ar
configure:9291: result: ar
configure:9360: checking for ranlib
configure:9376: found /usr/bin/ranlib
configure:9387: result: ranlib
configure:9456: checking for strip
configure:9472: found /usr/bin/strip
configure:9483: result: strip
configure:9759: checking if gcc static flag  works
configure:9782: result: yes
configure:9804: checking if gcc supports -fno-rtti -fno-exceptions
configure:9822: gcc -c -O2    -fno-rtti -fno-exceptions conftest.c >&5
cc1: warning: command line option "-fno-rtti" is valid for C++/ObjC++ but not for C
configure:9826: $? = 0
configure:9837: result: no
configure:9852: checking for gcc option to produce PIC
configure:10029: result: -fno-common
configure:10037: checking if gcc PIC flag -fno-common works
configure:10055: gcc -c -O2    -fno-common -DPIC conftest.c >&5
configure:10059: $? = 0
configure:10070: result: yes
configure:10094: checking if gcc supports -c -o file.o
configure:10122: gcc -c -O2    -o out/conftest2.o conftest.c >&5
configure:10126: $? = 0
configure:10143: result: yes
configure:10169: checking whether the gcc linker (/usr/libexec/gcc/i686-apple-darwin10/4.2.1/ld) supports shared libraries
configure:10977: result: yes
configure:11048: checking dynamic linker characteristics
configure:11566: result: darwin10.3.0 dyld
configure:11570: checking how to hardcode library paths into programs
configure:11595: result: immediate
configure:11609: checking whether stripping libraries is possible
configure:11622: result: yes
configure:11663: checking for dlopen in -ldl
configure:11698: gcc -o conftest -O2     conftest.c -ldl   >&5
configure:11704: $? = 0
configure:11722: result: yes
configure:12197: checking whether a program can dlopen itself
configure:12269: gcc -o conftest -O2    -DHAVE_DLFCN_H   conftest.c -ldl  >&5
configure: In function 'main':
configure:12265: warning: incompatible implicit declaration of built-in function 'exit'
configure:12272: $? = 0
configure:12290: result: yes
configure:12295: checking whether a statically linked program can dlopen itself
configure:12367: gcc -o conftest -O2    -DHAVE_DLFCN_H    conftest.c -ldl  >&5
configure: In function 'main':
configure:12363: warning: incompatible implicit declaration of built-in function 'exit'
configure:12370: $? = 0
configure:12388: result: yes
configure:12411: checking if libtool supports shared libraries
configure:12413: result: yes
configure:12416: checking whether to build shared libraries
configure:12474: result: yes
configure:12477: checking whether to build static libraries
configure:12481: result: no
configure:12572: creating libtool
configure:13116: checking for ld used by g++
configure:13183: result: /usr/libexec/gcc/i686-apple-darwin10/4.2.1/ld
configure:13192: checking if the linker (/usr/libexec/gcc/i686-apple-darwin10/4.2.1/ld) is GNU ld
configure:13207: result: no
configure:13258: checking whether the g++ linker (/usr/libexec/gcc/i686-apple-darwin10/4.2.1/ld) supports shared libraries
configure:14068: result: yes
configure:14090: g++ -c -Wno-long-long -Wundef -Wall -W -Wpointer-arith -O2 -Wno-non-virtual-dtor -fno-exceptions -fno-check-new -fno-common -fexceptions  conftest.cc >&5
configure:14093: $? = 0
configure:14189: checking for g++ option to produce PIC
configure:14441: result: -fno-common
configure:14449: checking if g++ PIC flag -fno-common works
configure:14467: g++ -c -Wno-long-long -Wundef -Wall -W -Wpointer-arith -O2 -Wno-non-virtual-dtor -fno-exceptions -fno-check-new -fno-common -fexceptions  -fno-common -DPIC conftest.cc >&5
configure:14471: $? = 0
configure:14482: result: yes
configure:14506: checking if g++ supports -c -o file.o
configure:14534: g++ -c -Wno-long-long -Wundef -Wall -W -Wpointer-arith -O2 -Wno-non-virtual-dtor -fno-exceptions -fno-check-new -fno-common -fexceptions  -o out/conftest2.o conftest.cc >&5
configure:14538: $? = 0
configure:14555: result: yes
configure:14581: checking whether the g++ linker (/usr/libexec/gcc/i686-apple-darwin10/4.2.1/ld) supports shared libraries
configure:14606: result: yes
configure:14677: checking dynamic linker characteristics
configure:15195: result: darwin10.3.0 dyld
configure:15199: checking how to hardcode library paths into programs
configure:15224: result: immediate
configure:15238: checking whether stripping libraries is possible
configure:15251: result: yes
configure:15292: checking for dlopen in -ldl
configure:15351: result: yes
configure:15826: checking whether a program can dlopen itself
configure:15919: result: yes
configure:15924: checking whether a statically linked program can dlopen itself
configure:16017: result: yes
configure:22336: checking zlib.h usability
configure:22353: gcc -c -O2    conftest.c >&5
configure:22359: $? = 0
configure:22373: result: yes
configure:22377: checking zlib.h presence
configure:22392: gcc -E  conftest.c
configure:22398: $? = 0
configure:22412: result: yes
configure:22440: checking for zlib.h
configure:22447: result: yes
configure:22540: checking cppunit/extensions/HelperMacros.h usability
configure:22557: g++ -c -Wno-long-long -Wundef -Wall -W -Wpointer-arith -O2 -Wno-non-virtual-dtor -fno-exceptions -fno-check-new -fno-common -fexceptions  conftest.cpp >&5
configure:22563: $? = 0
configure:22577: result: yes
configure:22581: checking cppunit/extensions/HelperMacros.h presence
configure:22596: g++ -E  conftest.cpp
configure:22602: $? = 0
configure:22616: result: yes
configure:22644: checking for cppunit/extensions/HelperMacros.h
configure:22651: result: yes
configure:22712: checking if bindings should be compiled
configure:22724: result: yes
configure:22712: checking if examples should be compiled
configure:22724: result: yes
configure:22712: checking if taglib should be compiled
configure:22724: result: yes
configure:22712: checking if tests should be compiled
configure:22724: result: yes
configure:22935: creating ./config.status

## ---------------------- ##
## Running config.status. ##
## ---------------------- ##

This file was extended by config.status, which was
generated by GNU Autoconf 2.61.  Invocation command line was

  CONFIG_FILES    = 
  CONFIG_HEADERS  = 
  CONFIG_LINKS    = 
  CONFIG_COMMANDS = 
  $ ./config.status 

on baboon

config.status:722: creating Makefile
config.status:722: creating bindings/Makefile
config.status:722: creating bindings/c/Makefile
config.status:722: creating examples/Makefile
config.status:722: creating taglib/Makefile
config.status:722: creating taglib/ape/Makefile
config.status:722: creating taglib/asf/Makefile
config.status:722: creating taglib/flac/Makefile
config.status:722: creating taglib/mp4/Makefile
config.status:722: creating taglib/mpc/Makefile
config.status:722: creating taglib/mpeg/Makefile
config.status:722: creating taglib/mpeg/id3v1/Makefile
config.status:722: creating taglib/mpeg/id3v2/Makefile
config.status:722: creating taglib/mpeg/id3v2/frames/Makefile
config.status:722: creating taglib/ogg/Makefile
config.status:722: creating taglib/ogg/flac/Makefile
config.status:722: creating taglib/ogg/speex/Makefile
config.status:722: creating taglib/ogg/vorbis/Makefile
config.status:722: creating taglib/riff/Makefile
config.status:722: creating taglib/riff/aiff/Makefile
config.status:722: creating taglib/riff/wav/Makefile
config.status:722: creating taglib/toolkit/Makefile
config.status:722: creating taglib/trueaudio/Makefile
config.status:722: creating taglib/wavpack/Makefile
config.status:722: creating tests/Makefile
config.status:722: creating taglib-config
config.status:722: creating taglib.pc
config.status:722: creating bindings/c/taglib_c.pc
config.status:722: creating config.h
config.status:722: creating taglib/taglib_config.h
config.status:1001: executing depfiles commands

## ---------------- ##
## Cache variables. ##
## ---------------- ##

ac_cv_build=i686-apple-darwin10.3.0
ac_cv_c_compiler_gnu=yes
ac_cv_cxx_compiler_gnu=yes
ac_cv_env_CCC_set=
ac_cv_env_CCC_value=
ac_cv_env_CC_set=
ac_cv_env_CC_value=
ac_cv_env_CFLAGS_set=
ac_cv_env_CFLAGS_value=
ac_cv_env_CPPFLAGS_set=
ac_cv_env_CPPFLAGS_value=
ac_cv_env_CPP_set=
ac_cv_env_CPP_value=
ac_cv_env_CXXCPP_set=
ac_cv_env_CXXCPP_value=
ac_cv_env_CXXFLAGS_set=
ac_cv_env_CXXFLAGS_value=
ac_cv_env_CXX_set=
ac_cv_env_CXX_value=
ac_cv_env_F77_set=
ac_cv_env_F77_value=
ac_cv_env_FFLAGS_set=
ac_cv_env_FFLAGS_value=
ac_cv_env_LDFLAGS_set=
ac_cv_env_LDFLAGS_value=
ac_cv_env_LIBS_set=
ac_cv_env_LIBS_value=
ac_cv_env_build_alias_set=
ac_cv_env_build_alias_value=
ac_cv_env_host_alias_set=
ac_cv_env_host_alias_value=
ac_cv_env_target_alias_set=
ac_cv_env_target_alias_value=
ac_cv_f77_compiler_gnu=no
ac_cv_header_cppunit_extensions_HelperMacros_h=yes
ac_cv_header_dlfcn_h=yes
ac_cv_header_inttypes_h=yes
ac_cv_header_memory_h=yes
ac_cv_header_stdc=yes
ac_cv_header_stdint_h=yes
ac_cv_header_stdlib_h=yes
ac_cv_header_string_h=yes
ac_cv_header_strings_h=yes
ac_cv_header_sys_stat_h=yes
ac_cv_header_sys_types_h=yes
ac_cv_header_unistd_h=yes
ac_cv_header_zlib_h=yes
ac_cv_host=i686-apple-darwin10.3.0
ac_cv_lib_dl_dlopen=yes
ac_cv_objext=o
ac_cv_path_EGREP='/usr/bin/grep -E'
ac_cv_path_GREP=/usr/bin/grep
ac_cv_path_install='/usr/bin/install -c'
ac_cv_prog_AWK=gawk
ac_cv_prog_CPP='gcc -E'
ac_cv_prog_CXXCPP='g++ -E'
ac_cv_prog_ac_ct_AR=ar
ac_cv_prog_ac_ct_CC=gcc
ac_cv_prog_ac_ct_CXX=g++
ac_cv_prog_ac_ct_RANLIB=ranlib
ac_cv_prog_ac_ct_STRIP=strip
ac_cv_prog_cc_c89=
ac_cv_prog_cc_g=yes
ac_cv_prog_cxx_g=yes
ac_cv_prog_f77_g=no
ac_cv_prog_make_make_set=yes
ac_cv_target=i686-apple-darwin10.3.0
am_cv_CC_dependencies_compiler_type=gcc3
am_cv_CXX_dependencies_compiler_type=gcc3
kde_cv_opt_noinline_match=irrelevant
kde_cv_prog_cxx_O0=yes
kde_cv_prog_cxx_Wno_long_long=yes
kde_cv_prog_cxx_Wno_non_virtual_dtor=yes
kde_cv_prog_cxx_Wundef=yes
kde_cv_prog_cxx_fexceptions=yes
kde_cv_prog_cxx_fno_check_new=yes
kde_cv_prog_cxx_fno_common=yes
kde_cv_prog_cxx_fno_exceptions=yes
kde_cv_prog_cxx_fno_reorder_blocks=yes
lt_cv_deplibs_check_method=pass_all
lt_cv_dlopen=dlopen
lt_cv_dlopen_libs=-ldl
lt_cv_dlopen_self=yes
lt_cv_dlopen_self_static=yes
lt_cv_file_magic_cmd='/usr/bin/file -L'
lt_cv_file_magic_test_file=/usr/lib/libSystem.dylib
lt_cv_ld_reload_flag=-r
lt_cv_objdir=.libs
lt_cv_path_LD=/usr/libexec/gcc/i686-apple-darwin10/4.2.1/ld
lt_cv_path_LDCXX=/usr/libexec/gcc/i686-apple-darwin10/4.2.1/ld
lt_cv_path_NM=/usr/bin/nm
lt_cv_path_SED=/usr/bin/sed
lt_cv_prog_compiler_c_o=yes
lt_cv_prog_compiler_c_o_CXX=yes
lt_cv_prog_compiler_rtti_exceptions=no
lt_cv_prog_gnu_ld=no
lt_cv_prog_gnu_ldcxx=no
lt_cv_sys_global_symbol_pipe='sed -n -e '\''s/^.*[ 	]\([BCDEGRST][BCDEGRST]*\)[ 	][ 	]*\(_\)\([_A-Za-z][_A-Za-z0-9]*\)$/\1 \2\3 \3/p'\'''
lt_cv_sys_global_symbol_to_c_name_address='sed -n -e '\''s/^: \([^ ]*\) $/  {\"\1\", (lt_ptr) 0},/p'\'' -e '\''s/^[BCDEGRST] \([^ ]*\) \([^ ]*\)$/  {"\2", (lt_ptr) \&\2},/p'\'''
lt_cv_sys_global_symbol_to_cdecl='sed -n -e '\''s/^. .* \(.*\)$/extern int \1;/p'\'''
lt_cv_sys_max_cmd_len=65536
lt_lt_cv_prog_compiler_c_o='"yes"'
lt_lt_cv_prog_compiler_c_o_CXX='"yes"'
lt_lt_cv_sys_global_symbol_pipe='"sed -n -e '\''s/^.*[ 	]\\([BCDEGRST][BCDEGRST]*\\)[ 	][ 	]*\\(_\\)\\([_A-Za-z][_A-Za-z0-9]*\\)\$/\\1 \\2\\3 \\3/p'\''"'
lt_lt_cv_sys_global_symbol_to_c_name_address='"sed -n -e '\''s/^: \\([^ ]*\\) \$/  {\\\"\\1\\\", (lt_ptr) 0},/p'\'' -e '\''s/^[BCDEGRST] \\([^ ]*\\) \\([^ ]*\\)\$/  {\"\\2\", (lt_ptr) \\&\\2},/p'\''"'
lt_lt_cv_sys_global_symbol_to_cdecl='"sed -n -e '\''s/^. .* \\(.*\\)\$/extern int \\1;/p'\''"'

## ----------------- ##
## Output variables. ##
## ----------------- ##

ACLOCAL='${SHELL} /Users/richard/njb/XNJB/taglib/admin/missing --run aclocal-1.10'
AMDEPBACKSLASH='\'
AMDEP_FALSE='#'
AMDEP_TRUE=''
AMTAR='${SHELL} /Users/richard/njb/XNJB/taglib/admin/missing --run tar'
AR='ar'
AUTOCONF='$(SHELL) $(top_srcdir)/admin/cvs.sh configure || touch configure'
AUTODIRS=''
AUTOHEADER='${SHELL} /Users/richard/njb/XNJB/taglib/admin/missing --run autoheader'
AUTOMAKE='${SHELL} /Users/richard/njb/XNJB/taglib/admin/missing --run automake-1.10'
AWK='gawk'
CC='gcc'
CCDEPMODE='depmode=gcc3'
CFLAGS='-O2  '
CONF_FILES=' $(top_srcdir)/configure.in.in $(top_srcdir)/./bindings/c/configure.in.in $(top_srcdir)/configure.in.bot'
CPP='gcc -E'
CPPFLAGS=''
CXX='g++'
CXXCPP='g++ -E'
CXXDEPMODE='depmode=gcc3'
CXXFLAGS='-Wno-long-long -Wundef -Wall -W -Wpointer-arith -O2 -Wno-non-virtual-dtor -fno-exceptions -fno-check-new -fno-common -fexceptions'
CYGPATH_W='echo'
DEFS='-DHAVE_CONFIG_H'
DEPDIR='.deps'
ECHO='/bin/echo'
ECHO_C='ECHO_N=''
ECHO_T=''
EGREP='/usr/bin/grep -E'
ENABLE_PERMISSIVE_FLAG='-fpermissive'
EXEEXT=''
F77=''
FFLAGS=''
GREP='/usr/bin/grep'
HAVE_GCC_VISIBILITY='0'
INSTALL_DATA='${INSTALL} -m 644'
INSTALL_PROGRAM='${INSTALL} $(INSTALL_STRIP_FLAG)'
INSTALL_SCRIPT='${INSTALL}'
INSTALL_STRIP_PROGRAM='$(install_sh) -c -s'
KDE_CHECK_PLUGIN='$(KDE_PLUGIN) -rpath $(libdir)'
KDE_NO_UNDEFINED=''
KDE_PLUGIN='-avoid-version -module -no-undefined $(KDE_NO_UNDEFINED) $(KDE_RPATH) $(KDE_MT_LDFLAGS)'
KDE_USE_CLOSURE_FALSE=''
KDE_USE_CLOSURE_TRUE='#'
KDE_USE_FINAL_FALSE=''
KDE_USE_FINAL_TRUE='#'
KDE_USE_NMCHECK_FALSE=''
KDE_USE_NMCHECK_TRUE='#'
LDFLAGS=''
LDFLAGS_AS_NEEDED=''
LDFLAGS_NEW_DTAGS=''
LIBOBJS=''
LIBS=''
LIBTOOL='$(SHELL) $(top_builddir)/libtool --silent'
LN_S='ln -s'
LTLIBOBJS=''
MAKEINFO='${SHELL} /Users/richard/njb/XNJB/taglib/admin/missing --run makeinfo'
NOOPT_CFLAGS='-O0'
NOOPT_CXXFLAGS='-O0'
OBJEXT='o'
PACKAGE='taglib'
PACKAGE_BUGREPORT=''
PACKAGE_NAME=''
PACKAGE_STRING=''
PACKAGE_TARNAME=''
PACKAGE_VERSION=''
PATH_SEPARATOR=':'
RANLIB='ranlib'
SET_MAKE=''
SHELL='/bin/sh'
STRIP='strip'
TOPSUBDIRS=' bindings examples taglib tests'
USE_EXCEPTIONS='-fexceptions'
USE_RTTI=''
VERSION='1.6.1'
WOVERLOADED_VIRTUAL=''
ac_ct_CC='gcc'
ac_ct_CXX='g++'
ac_ct_F77=''
all_includes=' '
all_libraries=' '
am__fastdepCC_FALSE='#'
am__fastdepCC_TRUE=''
am__fastdepCXX_FALSE='#'
am__fastdepCXX_TRUE=''
am__include='include'
am__isrc=''
am__leading_dot='.'
am__quote=''
am__tar='${AMTAR} chof - "$$tardir"'
am__untar='${AMTAR} xf -'
bindir='${exec_prefix}/bin'
build='i686-apple-darwin10.3.0'
build_alias=''
build_cpu='i686'
build_os='darwin10.3.0'
build_tests_FALSE='#'
build_tests_TRUE=''
build_vendor='apple'
datadir='${datarootdir}'
datarootdir='${prefix}/share'
docdir='${datarootdir}/doc/${PACKAGE}'
dvidir='${docdir}'
exec_prefix='${prefix}'
host='i686-apple-darwin10.3.0'
host_alias=''
host_cpu='i686'
host_os='darwin10.3.0'
host_vendor='apple'
htmldir='${docdir}'
includedir='${prefix}/include'
infodir='${datarootdir}/info'
install_sh='$(SHELL) /Users/richard/njb/XNJB/taglib/admin/install-sh'
libdir='${exec_prefix}/lib'
libexecdir='${exec_prefix}/libexec'
link_zlib_FALSE='#'
link_zlib_TRUE=''
localedir='${datarootdir}/locale'
localstatedir='${prefix}/var'
mandir='${datarootdir}/man'
mkdir_p='$(top_builddir)/admin/install-sh -c -d'
oldincludedir='/usr/include'
pdfdir='${docdir}'
prefix='/usr/local'
program_transform_name='s,x,x,'
psdir='${docdir}'
sbindir='${exec_prefix}/sbin'
sharedstatedir='${prefix}/com'
sysconfdir='${prefix}/etc'
target='i686-apple-darwin10.3.0'
target_alias=''
target_cpu='i686'
target_os='darwin10.3.0'
target_vendor='apple'
unsermake_enable_pch_FALSE=''
unsermake_enable_pch_TRUE='#'

## ----------- ##
## confdefs.h. ##
## ----------- ##

#define PACKAGE_NAME ""
#define PACKAGE_TARNAME ""
#define PACKAGE_VERSION ""
#define PACKAGE_STRING ""
#define PACKAGE_BUGREPORT ""
#define PACKAGE "taglib"
#define VERSION "1.6.1"
#define KDELIBSUFF ""
#define STDC_HEADERS 1
#define HAVE_SYS_TYPES_H 1
#define HAVE_SYS_STAT_H 1
#define HAVE_STDLIB_H 1
#define HAVE_STRING_H 1
#define HAVE_MEMORY_H 1
#define HAVE_STRINGS_H 1
#define HAVE_INTTYPES_H 1
#define HAVE_STDINT_H 1
#define HAVE_UNISTD_H 1
#define HAVE_DLFCN_H 1
#define HAVE_ZLIB 1
#define WITH_MP4 1
#define TAGLIB_WITH_MP4 1
#define HAVE_CPPUNIT 1

configure: exit 0

## ---------------------- ##
## Running config.status. ##
## ---------------------- ##

This file was extended by config.status, which was
generated by GNU Autoconf 2.61.  Invocation command line was

  CONFIG_FILES    = 
  CONFIG_HEADERS  = 
  CONFIG_LINKS    = 
  CONFIG_COMMANDS = 
  $ ./config.status taglib/taglib_config.h

on baboon

config.status:722: creating taglib/taglib_config.h
config.status:954: taglib/taglib_config.h is unchanged
