This file contains any messages produced by compilers while
running configure, to aid debugging if configure makes a mistake.

It was created by libmtp configure 0.1.3, which was
generated by GNU Autoconf 2.60.  Invocation command line was

  $ ./configure 

## --------- ##
## Platform. ##
## --------- ##

hostname = s240-105.nomadic.bris.ac.uk
uname -m = i386
uname -r = 8.9.1
uname -s = Darwin
uname -v = Darwin Kernel Version 8.9.1: Thu Feb 22 20:55:00 PST 2007; root:xnu-792.18.15~1/RELEASE_I386

/usr/bin/uname -p = i386
/bin/uname -X     = unknown

/bin/arch              = unknown
/usr/bin/arch -k       = unknown
/usr/convex/getsysinfo = unknown
/usr/bin/hostinfo      = Mach kernel version:
	 Darwin Kernel Version 8.9.1: Thu Feb 22 20:55:00 PST 2007; root:xnu-792.18.15~1/RELEASE_I386
Kernel configured for up to 2 processors.
2 processors are physically available.
2 processors are logically available.
Processor type: i486 (Intel 80486)
Processors active: 0 1
Primary memory available: 1.00 gigabytes
Default processor set: 72 tasks, 213 threads, 2 processors
Load average: 0.27, Mach factor: 1.72
/bin/machine           = unknown
/usr/bin/oslevel       = unknown
/bin/universe          = unknown

PATH: /sw/bin
PATH: /sw/sbin
PATH: /bin
PATH: /sbin
PATH: /usr/bin
PATH: /usr/sbin
PATH: /usr/local/bin
PATH: /usr/local/teTeX/bin/i386-apple-darwin-current
PATH: /usr/X11R6/bin


## ----------- ##
## Core tests. ##
## ----------- ##

configure:1959: checking for a BSD-compatible install
configure:2015: result: /usr/bin/install -c
configure:2026: checking whether build environment is sane
configure:2069: result: yes
configure:2102: checking for gawk
configure:2118: found /sw/bin/gawk
configure:2129: result: gawk
configure:2140: checking whether make sets $(MAKE)
configure:2161: result: yes
configure:2385: checking for gcc
configure:2401: found /usr/bin/gcc
configure:2412: result: gcc
configure:2650: checking for C compiler version
configure:2657: gcc --version >&5
i686-apple-darwin8-gcc-4.0.1 (GCC) 4.0.1 (Apple Computer, Inc. build 5367)
Copyright (C) 2005 Free Software Foundation, Inc.
This is free software; see the source for copying conditions.  There is NO
warranty; not even for MERCHANTABILITY or FITNESS FOR A PARTICULAR PURPOSE.

configure:2660: $? = 0
configure:2667: gcc -v >&5
Using built-in specs.
Target: i686-apple-darwin8
Configured with: /private/var/tmp/gcc/gcc-5367.obj~1/src/configure --disable-checking -enable-werror --prefix=/usr --mandir=/share/man --enable-languages=c,objc,c++,obj-c++ --program-transform-name=/^[cg][^.-]*$/s/$/-4.0/ --with-gxx-include-dir=/include/c++/4.0.0 --with-slibdir=/usr/lib --build=powerpc-apple-darwin8 --with-arch=nocona --with-tune=generic --program-prefix= --host=i686-apple-darwin8 --target=i686-apple-darwin8
Thread model: posix
gcc version 4.0.1 (Apple Computer, Inc. build 5367)
configure:2670: $? = 0
configure:2677: gcc -V >&5
gcc: argument to `-V' is missing
configure:2680: $? = 1
configure:2703: checking for C compiler default output file name
configure:2730: gcc    conftest.c  >&5
configure:2733: $? = 0
configure:2779: result: a.out
configure:2784: checking whether the C compiler works
configure:2794: ./a.out
configure:2797: $? = 0
configure:2814: result: yes
configure:2821: checking whether we are cross compiling
configure:2823: result: no
configure:2826: checking for suffix of executables
configure:2833: gcc -o conftest    conftest.c  >&5
configure:2836: $? = 0
configure:2860: result: 
configure:2866: checking for suffix of object files
configure:2892: gcc -c   conftest.c >&5
configure:2895: $? = 0
configure:2918: result: o
configure:2922: checking whether we are using the GNU C compiler
configure:2951: gcc -c   conftest.c >&5
configure:2957: $? = 0
configure:2964: test -z "$ac_c_werror_flag" || test ! -s conftest.err
configure:2967: $? = 0
configure:2974: test -s conftest.o
configure:2977: $? = 0
configure:2991: result: yes
configure:2996: checking whether gcc accepts -g
configure:3026: gcc -c -g  conftest.c >&5
configure:3032: $? = 0
configure:3039: test -z "$ac_c_werror_flag" || test ! -s conftest.err
configure:3042: $? = 0
configure:3049: test -s conftest.o
configure:3052: $? = 0
configure:3182: result: yes
configure:3199: checking for gcc option to accept ISO C89
configure:3273: gcc  -c -g -O2  conftest.c >&5
configure:3279: $? = 0
configure:3286: test -z "$ac_c_werror_flag" || test ! -s conftest.err
configure:3289: $? = 0
configure:3296: test -s conftest.o
configure:3299: $? = 0
configure:3319: result: none needed
configure:3356: checking for style of include used by make
configure:3384: result: GNU
configure:3412: checking dependency style of gcc
configure:3474: result: gcc3
configure:3492: checking for a BSD-compatible install
configure:3548: result: /usr/bin/install -c
configure:3559: checking whether ln -s works
configure:3563: result: yes
configure:3650: checking build system type
configure:3668: result: i686-apple-darwin8.9.1
configure:3690: checking host system type
configure:3705: result: i686-apple-darwin8.9.1
configure:3727: checking for a sed that does not truncate output
configure:3781: result: /usr/bin/sed
configure:3784: checking for grep that handles long lines and -e
configure:3858: result: /usr/bin/grep
configure:3863: checking for egrep
configure:3941: result: /usr/bin/grep -E
configure:3957: checking for ld used by gcc
configure:4024: result: /usr/bin/ld
configure:4033: checking if the linker (/usr/bin/ld) is GNU ld
configure:4048: result: no
configure:4053: checking for /usr/bin/ld option to reload object files
configure:4060: result: -r
configure:4069: checking for BSD-compatible nm
configure:4111: result: /usr/bin/nm -p
configure:4115: checking how to recognise dependent libraries
configure:4315: result: pass_all
configure:4832: checking how to run the C preprocessor
configure:4872: gcc -E  conftest.c
configure:4878: $? = 0
configure:4916: gcc -E  conftest.c
conftest.c:10:28: error: ac_nonexistent.h: No such file or directory
configure:4922: $? = 1
configure: failed program was:
| /* confdefs.h.  */
| #define PACKAGE_NAME "libmtp"
| #define PACKAGE_TARNAME "libmtp"
| #define PACKAGE_VERSION "0.1.3"
| #define PACKAGE_STRING "libmtp 0.1.3"
| #define PACKAGE_BUGREPORT "libmtp-users@lists.sourceforge.net"
| #define PACKAGE "libmtp"
| #define VERSION "0.1.3"
| /* end confdefs.h.  */
| #include <ac_nonexistent.h>
configure:4962: result: gcc -E
configure:4991: gcc -E  conftest.c
configure:4997: $? = 0
configure:5035: gcc -E  conftest.c
conftest.c:10:28: error: ac_nonexistent.h: No such file or directory
configure:5041: $? = 1
configure: failed program was:
| /* confdefs.h.  */
| #define PACKAGE_NAME "libmtp"
| #define PACKAGE_TARNAME "libmtp"
| #define PACKAGE_VERSION "0.1.3"
| #define PACKAGE_STRING "libmtp 0.1.3"
| #define PACKAGE_BUGREPORT "libmtp-users@lists.sourceforge.net"
| #define PACKAGE "libmtp"
| #define VERSION "0.1.3"
| /* end confdefs.h.  */
| #include <ac_nonexistent.h>
configure:5086: checking for ANSI C header files
configure:5116: gcc -c -g -O2  conftest.c >&5
configure:5122: $? = 0
configure:5129: test -z "$ac_c_werror_flag" || test ! -s conftest.err
configure:5132: $? = 0
configure:5139: test -s conftest.o
configure:5142: $? = 0
configure:5235: gcc -o conftest -g -O2   conftest.c  >&5
configure:5238: $? = 0
configure:5244: ./conftest
configure:5247: $? = 0
configure:5264: result: yes
configure:5288: checking for sys/types.h
configure:5309: gcc -c -g -O2  conftest.c >&5
configure:5315: $? = 0
configure:5322: test -z "$ac_c_werror_flag" || test ! -s conftest.err
configure:5325: $? = 0
configure:5332: test -s conftest.o
configure:5335: $? = 0
configure:5348: result: yes
configure:5288: checking for sys/stat.h
configure:5309: gcc -c -g -O2  conftest.c >&5
configure:5315: $? = 0
configure:5322: test -z "$ac_c_werror_flag" || test ! -s conftest.err
configure:5325: $? = 0
configure:5332: test -s conftest.o
configure:5335: $? = 0
configure:5348: result: yes
configure:5288: checking for stdlib.h
configure:5309: gcc -c -g -O2  conftest.c >&5
configure:5315: $? = 0
configure:5322: test -z "$ac_c_werror_flag" || test ! -s conftest.err
configure:5325: $? = 0
configure:5332: test -s conftest.o
configure:5335: $? = 0
configure:5348: result: yes
configure:5288: checking for string.h
configure:5309: gcc -c -g -O2  conftest.c >&5
configure:5315: $? = 0
configure:5322: test -z "$ac_c_werror_flag" || test ! -s conftest.err
configure:5325: $? = 0
configure:5332: test -s conftest.o
configure:5335: $? = 0
configure:5348: result: yes
configure:5288: checking for memory.h
configure:5309: gcc -c -g -O2  conftest.c >&5
configure:5315: $? = 0
configure:5322: test -z "$ac_c_werror_flag" || test ! -s conftest.err
configure:5325: $? = 0
configure:5332: test -s conftest.o
configure:5335: $? = 0
configure:5348: result: yes
configure:5288: checking for strings.h
configure:5309: gcc -c -g -O2  conftest.c >&5
configure:5315: $? = 0
configure:5322: test -z "$ac_c_werror_flag" || test ! -s conftest.err
configure:5325: $? = 0
configure:5332: test -s conftest.o
configure:5335: $? = 0
configure:5348: result: yes
configure:5288: checking for inttypes.h
configure:5309: gcc -c -g -O2  conftest.c >&5
configure:5315: $? = 0
configure:5322: test -z "$ac_c_werror_flag" || test ! -s conftest.err
configure:5325: $? = 0
configure:5332: test -s conftest.o
configure:5335: $? = 0
configure:5348: result: yes
configure:5288: checking for stdint.h
configure:5309: gcc -c -g -O2  conftest.c >&5
configure:5315: $? = 0
configure:5322: test -z "$ac_c_werror_flag" || test ! -s conftest.err
configure:5325: $? = 0
configure:5332: test -s conftest.o
configure:5335: $? = 0
configure:5348: result: yes
configure:5288: checking for unistd.h
configure:5309: gcc -c -g -O2  conftest.c >&5
configure:5315: $? = 0
configure:5322: test -z "$ac_c_werror_flag" || test ! -s conftest.err
configure:5325: $? = 0
configure:5332: test -s conftest.o
configure:5335: $? = 0
configure:5348: result: yes
configure:5375: checking dlfcn.h usability
configure:5392: gcc -c -g -O2  conftest.c >&5
configure:5398: $? = 0
configure:5405: test -z "$ac_c_werror_flag" || test ! -s conftest.err
configure:5408: $? = 0
configure:5415: test -s conftest.o
configure:5418: $? = 0
configure:5429: result: yes
configure:5433: checking dlfcn.h presence
configure:5448: gcc -E  conftest.c
configure:5454: $? = 0
configure:5475: result: yes
configure:5508: checking for dlfcn.h
configure:5516: result: yes
configure:5587: checking for g++
configure:5603: found /usr/bin/g++
configure:5614: result: g++
configure:5645: checking for C++ compiler version
configure:5652: g++ --version >&5
i686-apple-darwin8-g++-4.0.1 (GCC) 4.0.1 (Apple Computer, Inc. build 5367)
Copyright (C) 2005 Free Software Foundation, Inc.
This is free software; see the source for copying conditions.  There is NO
warranty; not even for MERCHANTABILITY or FITNESS FOR A PARTICULAR PURPOSE.

configure:5655: $? = 0
configure:5662: g++ -v >&5
Using built-in specs.
Target: i686-apple-darwin8
Configured with: /private/var/tmp/gcc/gcc-5367.obj~1/src/configure --disable-checking -enable-werror --prefix=/usr --mandir=/share/man --enable-languages=c,objc,c++,obj-c++ --program-transform-name=/^[cg][^.-]*$/s/$/-4.0/ --with-gxx-include-dir=/include/c++/4.0.0 --with-slibdir=/usr/lib --build=powerpc-apple-darwin8 --with-arch=nocona --with-tune=generic --program-prefix= --host=i686-apple-darwin8 --target=i686-apple-darwin8
Thread model: posix
gcc version 4.0.1 (Apple Computer, Inc. build 5367)
configure:5665: $? = 0
configure:5672: g++ -V >&5
g++: argument to `-V' is missing
configure:5675: $? = 1
configure:5678: checking whether we are using the GNU C++ compiler
configure:5707: g++ -c   conftest.cpp >&5
configure:5713: $? = 0
configure:5720: test -z "$ac_cxx_werror_flag" || test ! -s conftest.err
configure:5723: $? = 0
configure:5730: test -s conftest.o
configure:5733: $? = 0
configure:5747: result: yes
configure:5752: checking whether g++ accepts -g
configure:5782: g++ -c -g  conftest.cpp >&5
configure:5788: $? = 0
configure:5795: test -z "$ac_cxx_werror_flag" || test ! -s conftest.err
configure:5798: $? = 0
configure:5805: test -s conftest.o
configure:5808: $? = 0
configure:5938: result: yes
configure:5963: checking dependency style of g++
configure:6025: result: gcc3
configure:6035: checking how to run the C++ preprocessor
configure:6071: g++ -E  conftest.cpp
configure:6077: $? = 0
configure:6115: g++ -E  conftest.cpp
conftest.cpp:21:28: error: ac_nonexistent.h: No such file or directory
configure:6121: $? = 1
configure: failed program was:
| /* confdefs.h.  */
| #define PACKAGE_NAME "libmtp"
| #define PACKAGE_TARNAME "libmtp"
| #define PACKAGE_VERSION "0.1.3"
| #define PACKAGE_STRING "libmtp 0.1.3"
| #define PACKAGE_BUGREPORT "libmtp-users@lists.sourceforge.net"
| #define PACKAGE "libmtp"
| #define VERSION "0.1.3"
| #define STDC_HEADERS 1
| #define HAVE_SYS_TYPES_H 1
| #define HAVE_SYS_STAT_H 1
| #define HAVE_STDLIB_H 1
| #define HAVE_STRING_H 1
| #define HAVE_MEMORY_H 1
| #define HAVE_STRINGS_H 1
| #define HAVE_INTTYPES_H 1
| #define HAVE_STDINT_H 1
| #define HAVE_UNISTD_H 1
| #define HAVE_DLFCN_H 1
| /* end confdefs.h.  */
| #include <ac_nonexistent.h>
configure:6161: result: g++ -E
configure:6190: g++ -E  conftest.cpp
configure:6196: $? = 0
configure:6234: g++ -E  conftest.cpp
conftest.cpp:21:28: error: ac_nonexistent.h: No such file or directory
configure:6240: $? = 1
configure: failed program was:
| /* confdefs.h.  */
| #define PACKAGE_NAME "libmtp"
| #define PACKAGE_TARNAME "libmtp"
| #define PACKAGE_VERSION "0.1.3"
| #define PACKAGE_STRING "libmtp 0.1.3"
| #define PACKAGE_BUGREPORT "libmtp-users@lists.sourceforge.net"
| #define PACKAGE "libmtp"
| #define VERSION "0.1.3"
| #define STDC_HEADERS 1
| #define HAVE_SYS_TYPES_H 1
| #define HAVE_SYS_STAT_H 1
| #define HAVE_STDLIB_H 1
| #define HAVE_STRING_H 1
| #define HAVE_MEMORY_H 1
| #define HAVE_STRINGS_H 1
| #define HAVE_INTTYPES_H 1
| #define HAVE_STDINT_H 1
| #define HAVE_UNISTD_H 1
| #define HAVE_DLFCN_H 1
| /* end confdefs.h.  */
| #include <ac_nonexistent.h>
configure:6338: checking for g77
configure:6368: result: no
configure:6338: checking for f77
configure:6368: result: no
configure:6338: checking for xlf
configure:6368: result: no
configure:6338: checking for frt
configure:6368: result: no
configure:6338: checking for pgf77
configure:6368: result: no
configure:6338: checking for cf77
configure:6368: result: no
configure:6338: checking for fort77
configure:6368: result: no
configure:6338: checking for fl32
configure:6368: result: no
configure:6338: checking for af77
configure:6368: result: no
configure:6338: checking for f90
configure:6368: result: no
configure:6338: checking for xlf90
configure:6368: result: no
configure:6338: checking for pgf90
configure:6368: result: no
configure:6338: checking for pghpf
configure:6368: result: no
configure:6338: checking for epcf90
configure:6368: result: no
configure:6338: checking for gfortran
configure:6368: result: no
configure:6338: checking for g95
configure:6368: result: no
configure:6338: checking for f95
configure:6368: result: no
configure:6338: checking for fort
configure:6368: result: no
configure:6338: checking for xlf95
configure:6368: result: no
configure:6338: checking for ifort
configure:6368: result: no
configure:6338: checking for ifc
configure:6368: result: no
configure:6338: checking for efc
configure:6368: result: no
configure:6338: checking for pgf95
configure:6368: result: no
configure:6338: checking for lf95
configure:6368: result: no
configure:6338: checking for ftn
configure:6368: result: no
configure:6395: checking for Fortran 77 compiler version
configure:6402:  --version >&5
./configure: line 1: --version: command not found
configure:6405: $? = 127
configure:6412:  -v >&5
./configure: line 1: -v: command not found
configure:6415: $? = 127
configure:6422:  -V >&5
./configure: line 1: -V: command not found
configure:6425: $? = 127
configure:6433: checking whether we are using the GNU Fortran 77 compiler
configure:6452:  -c  conftest.F >&5
./configure: line 1: -c: command not found
configure:6458: $? = 127
configure: failed program was:
|       program main
| #ifndef __GNUC__
|        choke me
| #endif
| 
|       end
configure:6492: result: no
configure:6498: checking whether  accepts -g
configure:6515:  -c -g conftest.f >&5
./configure: line 1: -c: command not found
configure:6521: $? = 127
configure: failed program was:
|       program main
| 
|       end
configure:6554: result: no
configure:6584: checking the maximum length of command line arguments
configure:6643: result: 65536
configure:6654: checking command to parse /usr/bin/nm -p output from gcc object
configure:6743: gcc -c -g -O2  conftest.c >&5
configure:6746: $? = 0
configure:6750: /usr/bin/nm -p conftest.o \| sed -n -e 's/^.*[ 	]\([BCDEGRST][BCDEGRST]*\)[ 	][ 	]*\(\)\([_A-Za-z][_A-Za-z0-9]*\)$/\1 \2\3 \3/p' \> conftest.nm
configure:6753: $? = 0
cannot find nm_test_var in conftest.nm
configure:6743: gcc -c -g -O2  conftest.c >&5
configure:6746: $? = 0
configure:6750: /usr/bin/nm -p conftest.o \| sed -n -e 's/^.*[ 	]\([BCDEGRST][BCDEGRST]*\)[ 	][ 	]*\(_\)\([_A-Za-z][_A-Za-z0-9]*\)$/\1 \2\3 \3/p' \> conftest.nm
configure:6753: $? = 0
configure:6805: gcc -o conftest -g -O2   conftest.c conftstm.o >&5
configure:6808: $? = 0
configure:6846: result: ok
configure:6850: checking for objdir
configure:6865: result: .libs
configure:6960: checking for ar
configure:6976: found /usr/bin/ar
configure:6987: result: ar
configure:7056: checking for ranlib
configure:7072: found /usr/bin/ranlib
configure:7083: result: ranlib
configure:7152: checking for strip
configure:7168: found /usr/bin/strip
configure:7179: result: strip
configure:7455: checking if gcc static flag  works
configure:7478: result: yes
configure:7495: checking if gcc supports -fno-rtti -fno-exceptions
configure:7516: gcc -c -g -O2  -fno-rtti -fno-exceptions conftest.c >&5
cc1: warning: command line option "-fno-rtti" is valid for C++/ObjC++ but not for C
configure:7520: $? = 0
configure:7528: result: no
configure:7543: checking for gcc option to produce PIC
configure:7720: result: -fno-common
configure:7727: checking if gcc PIC flag -fno-common works
configure:7748: gcc -c -g -O2  -fno-common -DPIC conftest.c >&5
configure:7752: $? = 0
configure:7760: result: yes
configure:7784: checking if gcc supports -c -o file.o
configure:7815: gcc -c -g -O2  -o out/conftest2.o conftest.c >&5
configure:7819: $? = 0
configure:7833: result: yes
configure:7859: checking whether the gcc linker (/usr/bin/ld) supports shared libraries
configure:8715: result: yes
configure:8786: checking how to hardcode library paths into programs
configure:8811: result: immediate
configure:8825: checking whether stripping libraries is possible
configure:8846: result: no
configure:8852: checking dynamic linker characteristics
configure:9363: result: darwin8.9.1 dyld
configure:10254: checking if libtool supports shared libraries
configure:10256: result: yes
configure:10259: checking whether to build shared libraries
configure:10322: result: yes
configure:10325: checking whether to build static libraries
configure:10329: result: yes
configure:10420: creating libtool
configure:10967: checking for ld used by g++
configure:11034: result: /usr/bin/ld
configure:11043: checking if the linker (/usr/bin/ld) is GNU ld
configure:11058: result: no
configure:11109: checking whether the g++ linker (/usr/bin/ld) supports shared libraries
configure:11966: result: yes
configure:11984: g++ -c -g -O2  conftest.cc >&5
configure:11987: $? = 0
configure:12083: checking for g++ option to produce PIC
configure:12335: result: -fno-common
configure:12342: checking if g++ PIC flag -fno-common works
configure:12363: g++ -c -g -O2  -fno-common -DPIC conftest.cc >&5
configure:12367: $? = 0
configure:12375: result: yes
configure:12399: checking if g++ supports -c -o file.o
configure:12430: g++ -c -g -O2  -o out/conftest2.o conftest.cc >&5
configure:12434: $? = 0
configure:12448: result: yes
configure:12474: checking whether the g++ linker (/usr/bin/ld) supports shared libraries
configure:12499: result: yes
configure:12570: checking how to hardcode library paths into programs
configure:12595: result: immediate
configure:12609: checking whether stripping libraries is possible
configure:12630: result: no
configure:12636: checking dynamic linker characteristics
configure:13147: result: darwin8.9.1 dyld
configure:20481: checking for doxygen
configure:20509: result: false
configure:20528: WARNING: *** doxygen not found, docs will not be built
configure:20533: checking if the host operating system is Darwin
configure:20537: result: yes
configure:20548: checking For MinGW32
configure:20556: result: no
configure:20573: checking for usb_control_msg in -lusb
configure:20608: gcc -o conftest -g -O2 -DUSE_DARWIN   conftest.c -lusb -framework IOKit  >&5
configure:20614: $? = 0
configure:20621: test -z "$ac_c_werror_flag" || test ! -s conftest.err
configure:20624: $? = 0
configure:20631: test -s conftest
configure:20634: $? = 0
configure:20648: result: yes
configure:20671: checking for ANSI C header files
configure:20849: result: yes
configure:20859: checking whether time.h and sys/time.h may both be included
configure:20889: gcc -c -g -O2 -DUSE_DARWIN  conftest.c >&5
configure:20895: $? = 0
configure:20902: test -z "$ac_c_werror_flag" || test ! -s conftest.err
configure:20905: $? = 0
configure:20912: test -s conftest.o
configure:20915: $? = 0
configure:20927: result: yes
configure:20965: checking ctype.h usability
configure:20982: gcc -c -g -O2 -DUSE_DARWIN  conftest.c >&5
configure:20988: $? = 0
configure:20995: test -z "$ac_c_werror_flag" || test ! -s conftest.err
configure:20998: $? = 0
configure:21005: test -s conftest.o
configure:21008: $? = 0
configure:21019: result: yes
configure:21023: checking ctype.h presence
configure:21038: gcc -E  conftest.c
configure:21044: $? = 0
configure:21065: result: yes
configure:21098: checking for ctype.h
configure:21106: result: yes
configure:20965: checking errno.h usability
configure:20982: gcc -c -g -O2 -DUSE_DARWIN  conftest.c >&5
configure:20988: $? = 0
configure:20995: test -z "$ac_c_werror_flag" || test ! -s conftest.err
configure:20998: $? = 0
configure:21005: test -s conftest.o
configure:21008: $? = 0
configure:21019: result: yes
configure:21023: checking errno.h presence
configure:21038: gcc -E  conftest.c
configure:21044: $? = 0
configure:21065: result: yes
configure:21098: checking for errno.h
configure:21106: result: yes
configure:20965: checking fcntl.h usability
configure:20982: gcc -c -g -O2 -DUSE_DARWIN  conftest.c >&5
configure:20988: $? = 0
configure:20995: test -z "$ac_c_werror_flag" || test ! -s conftest.err
configure:20998: $? = 0
configure:21005: test -s conftest.o
configure:21008: $? = 0
configure:21019: result: yes
configure:21023: checking fcntl.h presence
configure:21038: gcc -E  conftest.c
configure:21044: $? = 0
configure:21065: result: yes
configure:21098: checking for fcntl.h
configure:21106: result: yes
configure:20965: checking getopt.h usability
configure:20982: gcc -c -g -O2 -DUSE_DARWIN  conftest.c >&5
configure:20988: $? = 0
configure:20995: test -z "$ac_c_werror_flag" || test ! -s conftest.err
configure:20998: $? = 0
configure:21005: test -s conftest.o
configure:21008: $? = 0
configure:21019: result: yes
configure:21023: checking getopt.h presence
configure:21038: gcc -E  conftest.c
configure:21044: $? = 0
configure:21065: result: yes
configure:21098: checking for getopt.h
configure:21106: result: yes
configure:20965: checking libgen.h usability
configure:20982: gcc -c -g -O2 -DUSE_DARWIN  conftest.c >&5
configure:20988: $? = 0
configure:20995: test -z "$ac_c_werror_flag" || test ! -s conftest.err
configure:20998: $? = 0
configure:21005: test -s conftest.o
configure:21008: $? = 0
configure:21019: result: yes
configure:21023: checking libgen.h presence
configure:21038: gcc -E  conftest.c
configure:21044: $? = 0
configure:21065: result: yes
configure:21098: checking for libgen.h
configure:21106: result: yes
configure:20965: checking limits.h usability
configure:20982: gcc -c -g -O2 -DUSE_DARWIN  conftest.c >&5
configure:20988: $? = 0
configure:20995: test -z "$ac_c_werror_flag" || test ! -s conftest.err
configure:20998: $? = 0
configure:21005: test -s conftest.o
configure:21008: $? = 0
configure:21019: result: yes
configure:21023: checking limits.h presence
configure:21038: gcc -E  conftest.c
configure:21044: $? = 0
configure:21065: result: yes
configure:21098: checking for limits.h
configure:21106: result: yes
configure:20965: checking stdio.h usability
configure:20982: gcc -c -g -O2 -DUSE_DARWIN  conftest.c >&5
configure:20988: $? = 0
configure:20995: test -z "$ac_c_werror_flag" || test ! -s conftest.err
configure:20998: $? = 0
configure:21005: test -s conftest.o
configure:21008: $? = 0
configure:21019: result: yes
configure:21023: checking stdio.h presence
configure:21038: gcc -E  conftest.c
configure:21044: $? = 0
configure:21065: result: yes
configure:21098: checking for stdio.h
configure:21106: result: yes
configure:20955: checking for string.h
configure:20961: result: yes
configure:20955: checking for sys/stat.h
configure:20961: result: yes
configure:20965: checking sys/time.h usability
configure:20982: gcc -c -g -O2 -DUSE_DARWIN  conftest.c >&5
configure:20988: $? = 0
configure:20995: test -z "$ac_c_werror_flag" || test ! -s conftest.err
configure:20998: $? = 0
configure:21005: test -s conftest.o
configure:21008: $? = 0
configure:21019: result: yes
configure:21023: checking sys/time.h presence
configure:21038: gcc -E  conftest.c
configure:21044: $? = 0
configure:21065: result: yes
configure:21098: checking for sys/time.h
configure:21106: result: yes
configure:20955: checking for unistd.h
configure:20961: result: yes
configure:20965: checking iconv.h usability
configure:20982: gcc -c -g -O2 -DUSE_DARWIN  conftest.c >&5
configure:20988: $? = 0
configure:20995: test -z "$ac_c_werror_flag" || test ! -s conftest.err
configure:20998: $? = 0
configure:21005: test -s conftest.o
configure:21008: $? = 0
configure:21019: result: yes
configure:21023: checking iconv.h presence
configure:21038: gcc -E  conftest.c
configure:21044: $? = 0
configure:21065: result: yes
configure:21098: checking for iconv.h
configure:21106: result: yes
configure:21129: checking usb.h usability
configure:21146: gcc -c -g -O2 -DUSE_DARWIN  conftest.c >&5
configure:21152: $? = 0
configure:21159: test -z "$ac_c_werror_flag" || test ! -s conftest.err
configure:21162: $? = 0
configure:21169: test -s conftest.o
configure:21172: $? = 0
configure:21183: result: yes
configure:21187: checking usb.h presence
configure:21202: gcc -E  conftest.c
configure:21208: $? = 0
configure:21229: result: yes
configure:21262: checking for usb.h
configure:21269: result: yes
configure:21290: checking for an ANSI C-conforming const
configure:21365: gcc -c -g -O2 -DUSE_DARWIN  conftest.c >&5
configure:21371: $? = 0
configure:21378: test -z "$ac_c_werror_flag" || test ! -s conftest.err
configure:21381: $? = 0
configure:21388: test -s conftest.o
configure:21391: $? = 0
configure:21403: result: yes
configure:21413: checking for off_t
configure:21443: gcc -c -g -O2 -DUSE_DARWIN  conftest.c >&5
configure:21449: $? = 0
configure:21456: test -z "$ac_c_werror_flag" || test ! -s conftest.err
configure:21459: $? = 0
configure:21466: test -s conftest.o
configure:21469: $? = 0
configure:21481: result: yes
configure:21493: checking return type of signal handlers
configure:21521: gcc -c -g -O2 -DUSE_DARWIN  conftest.c >&5
conftest.c: In function 'main':
conftest.c:42: error: void value not ignored as it ought to be
configure:21527: $? = 1
configure: failed program was:
| /* confdefs.h.  */
| #define PACKAGE_NAME "libmtp"
| #define PACKAGE_TARNAME "libmtp"
| #define PACKAGE_VERSION "0.1.3"
| #define PACKAGE_STRING "libmtp 0.1.3"
| #define PACKAGE_BUGREPORT "libmtp-users@lists.sourceforge.net"
| #define PACKAGE "libmtp"
| #define VERSION "0.1.3"
| #define STDC_HEADERS 1
| #define HAVE_SYS_TYPES_H 1
| #define HAVE_SYS_STAT_H 1
| #define HAVE_STDLIB_H 1
| #define HAVE_STRING_H 1
| #define HAVE_MEMORY_H 1
| #define HAVE_STRINGS_H 1
| #define HAVE_INTTYPES_H 1
| #define HAVE_STDINT_H 1
| #define HAVE_UNISTD_H 1
| #define HAVE_DLFCN_H 1
| #define HAVE_LIBUSB 1
| #define STDC_HEADERS 1
| #define TIME_WITH_SYS_TIME 1
| #define HAVE_CTYPE_H 1
| #define HAVE_ERRNO_H 1
| #define HAVE_FCNTL_H 1
| #define HAVE_GETOPT_H 1
| #define HAVE_LIBGEN_H 1
| #define HAVE_LIMITS_H 1
| #define HAVE_STDIO_H 1
| #define HAVE_STRING_H 1
| #define HAVE_SYS_STAT_H 1
| #define HAVE_SYS_TIME_H 1
| #define HAVE_UNISTD_H 1
| #define HAVE_ICONV_H 1
| /* end confdefs.h.  */
| #include <sys/types.h>
| #include <signal.h>
| 
| int
| main ()
| {
| return *(signal (0, 0)) (0) == 1;
|   ;
|   return 0;
| }
configure:21559: result: void
configure:21567: checking for size_t
configure:21597: gcc -c -g -O2 -DUSE_DARWIN  conftest.c >&5
configure:21603: $? = 0
configure:21610: test -z "$ac_c_werror_flag" || test ! -s conftest.err
configure:21613: $? = 0
configure:21620: test -s conftest.o
configure:21623: $? = 0
configure:21635: result: yes
configure:21647: checking for struct stat.st_blksize
configure:21675: gcc -c -g -O2 -DUSE_DARWIN  conftest.c >&5
configure:21681: $? = 0
configure:21688: test -z "$ac_c_werror_flag" || test ! -s conftest.err
configure:21691: $? = 0
configure:21698: test -s conftest.o
configure:21701: $? = 0
configure:21772: result: yes
configure:21795: checking for stdlib.h
configure:21801: result: yes
configure:21959: checking for GNU libc compatible malloc
configure:21993: gcc -o conftest -g -O2 -DUSE_DARWIN   conftest.c -lusb  >&5
configure:21996: $? = 0
configure:22002: ./conftest
dyld: Symbol not found: _kCFRunLoopDefaultMode
  Referenced from: /usr/local/lib/libusb-0.1.4.dylib
  Expected in: flat namespace

./configure: line 1:  4717 Trace/BPT trap          ./conftest$ac_exeext
configure:22005: $? = 133
configure: program exited with status 133
configure: failed program was:
| /* confdefs.h.  */
| #define PACKAGE_NAME "libmtp"
| #define PACKAGE_TARNAME "libmtp"
| #define PACKAGE_VERSION "0.1.3"
| #define PACKAGE_STRING "libmtp 0.1.3"
| #define PACKAGE_BUGREPORT "libmtp-users@lists.sourceforge.net"
| #define PACKAGE "libmtp"
| #define VERSION "0.1.3"
| #define STDC_HEADERS 1
| #define HAVE_SYS_TYPES_H 1
| #define HAVE_SYS_STAT_H 1
| #define HAVE_STDLIB_H 1
| #define HAVE_STRING_H 1
| #define HAVE_MEMORY_H 1
| #define HAVE_STRINGS_H 1
| #define HAVE_INTTYPES_H 1
| #define HAVE_STDINT_H 1
| #define HAVE_UNISTD_H 1
| #define HAVE_DLFCN_H 1
| #define HAVE_LIBUSB 1
| #define STDC_HEADERS 1
| #define TIME_WITH_SYS_TIME 1
| #define HAVE_CTYPE_H 1
| #define HAVE_ERRNO_H 1
| #define HAVE_FCNTL_H 1
| #define HAVE_GETOPT_H 1
| #define HAVE_LIBGEN_H 1
| #define HAVE_LIMITS_H 1
| #define HAVE_STDIO_H 1
| #define HAVE_STRING_H 1
| #define HAVE_SYS_STAT_H 1
| #define HAVE_SYS_TIME_H 1
| #define HAVE_UNISTD_H 1
| #define HAVE_ICONV_H 1
| #define RETSIGTYPE void
| #define HAVE_STRUCT_STAT_ST_BLKSIZE 1
| #define HAVE_ST_BLKSIZE 1
| #define HAVE_STDLIB_H 1
| /* end confdefs.h.  */
| #if STDC_HEADERS || HAVE_STDLIB_H
| # include <stdlib.h>
| #else
| char *malloc ();
| #endif
| 
| int
| main ()
| {
| return ! malloc (0);
|   ;
|   return 0;
| }
configure:22021: result: no
configure:22049: checking for working memcmp
configure:22102: gcc -o conftest -g -O2 -DUSE_DARWIN   conftest.c -lusb  >&5
configure:22105: $? = 0
configure:22111: ./conftest
dyld: Symbol not found: _kCFRunLoopDefaultMode
  Referenced from: /usr/local/lib/libusb-0.1.4.dylib
  Expected in: flat namespace

./configure: line 1:  4741 Trace/BPT trap          ./conftest$ac_exeext
configure:22114: $? = 133
configure: program exited with status 133
configure: failed program was:
| /* confdefs.h.  */
| #define PACKAGE_NAME "libmtp"
| #define PACKAGE_TARNAME "libmtp"
| #define PACKAGE_VERSION "0.1.3"
| #define PACKAGE_STRING "libmtp 0.1.3"
| #define PACKAGE_BUGREPORT "libmtp-users@lists.sourceforge.net"
| #define PACKAGE "libmtp"
| #define VERSION "0.1.3"
| #define STDC_HEADERS 1
| #define HAVE_SYS_TYPES_H 1
| #define HAVE_SYS_STAT_H 1
| #define HAVE_STDLIB_H 1
| #define HAVE_STRING_H 1
| #define HAVE_MEMORY_H 1
| #define HAVE_STRINGS_H 1
| #define HAVE_INTTYPES_H 1
| #define HAVE_STDINT_H 1
| #define HAVE_UNISTD_H 1
| #define HAVE_DLFCN_H 1
| #define HAVE_LIBUSB 1
| #define STDC_HEADERS 1
| #define TIME_WITH_SYS_TIME 1
| #define HAVE_CTYPE_H 1
| #define HAVE_ERRNO_H 1
| #define HAVE_FCNTL_H 1
| #define HAVE_GETOPT_H 1
| #define HAVE_LIBGEN_H 1
| #define HAVE_LIMITS_H 1
| #define HAVE_STDIO_H 1
| #define HAVE_STRING_H 1
| #define HAVE_SYS_STAT_H 1
| #define HAVE_SYS_TIME_H 1
| #define HAVE_UNISTD_H 1
| #define HAVE_ICONV_H 1
| #define RETSIGTYPE void
| #define HAVE_STRUCT_STAT_ST_BLKSIZE 1
| #define HAVE_ST_BLKSIZE 1
| #define HAVE_STDLIB_H 1
| #define HAVE_MALLOC 0
| #define malloc rpl_malloc
| /* end confdefs.h.  */
| #include <stdio.h>
| #if HAVE_SYS_TYPES_H
| # include <sys/types.h>
| #endif
| #if HAVE_SYS_STAT_H
| # include <sys/stat.h>
| #endif
| #if STDC_HEADERS
| # include <stdlib.h>
| # include <stddef.h>
| #else
| # if HAVE_STDLIB_H
| #  include <stdlib.h>
| # endif
| #endif
| #if HAVE_STRING_H
| # if !STDC_HEADERS && HAVE_MEMORY_H
| #  include <memory.h>
| # endif
| # include <string.h>
| #endif
| #if HAVE_STRINGS_H
| # include <strings.h>
| #endif
| #if HAVE_INTTYPES_H
| # include <inttypes.h>
| #endif
| #if HAVE_STDINT_H
| # include <stdint.h>
| #endif
| #if HAVE_UNISTD_H
| # include <unistd.h>
| #endif
| int
| main ()
| {
| 
|   /* Some versions of memcmp are not 8-bit clean.  */
|   char c0 = '\100', c1 = '\200', c2 = '\201';
|   if (memcmp(&c0, &c2, 1) >= 0 || memcmp(&c1, &c2, 1) >= 0)
|     return 1;
| 
|   /* The Next x86 OpenStep bug shows up only when comparing 16 bytes
|      or more and with at least one buffer not starting on a 4-byte boundary.
|      William Lewis provided this test program.   */
|   {
|     char foo[21];
|     char bar[21];
|     int i;
|     for (i = 0; i < 4; i++)
|       {
| 	char *a = foo + i;
| 	char *b = bar + i;
| 	strcpy (a, "--------01111111");
| 	strcpy (b, "--------10000000");
| 	if (memcmp (a, b, 16) >= 0)
| 	  return 1;
|       }
|     return 0;
|   }
| 
|   ;
|   return 0;
| }
configure:22130: result: no
configure:22139: checking whether lstat dereferences a symlink specified with a trailing slash
configure:22175: gcc -o conftest -g -O2 -DUSE_DARWIN   conftest.c -lusb  >&5
configure:22178: $? = 0
configure:22184: ./conftest
dyld: Symbol not found: _kCFRunLoopDefaultMode
  Referenced from: /usr/local/lib/libusb-0.1.4.dylib
  Expected in: flat namespace

./configure: line 1:  4765 Trace/BPT trap          ./conftest$ac_exeext
configure:22187: $? = 133
configure: program exited with status 133
configure: failed program was:
| /* confdefs.h.  */
| #define PACKAGE_NAME "libmtp"
| #define PACKAGE_TARNAME "libmtp"
| #define PACKAGE_VERSION "0.1.3"
| #define PACKAGE_STRING "libmtp 0.1.3"
| #define PACKAGE_BUGREPORT "libmtp-users@lists.sourceforge.net"
| #define PACKAGE "libmtp"
| #define VERSION "0.1.3"
| #define STDC_HEADERS 1
| #define HAVE_SYS_TYPES_H 1
| #define HAVE_SYS_STAT_H 1
| #define HAVE_STDLIB_H 1
| #define HAVE_STRING_H 1
| #define HAVE_MEMORY_H 1
| #define HAVE_STRINGS_H 1
| #define HAVE_INTTYPES_H 1
| #define HAVE_STDINT_H 1
| #define HAVE_UNISTD_H 1
| #define HAVE_DLFCN_H 1
| #define HAVE_LIBUSB 1
| #define STDC_HEADERS 1
| #define TIME_WITH_SYS_TIME 1
| #define HAVE_CTYPE_H 1
| #define HAVE_ERRNO_H 1
| #define HAVE_FCNTL_H 1
| #define HAVE_GETOPT_H 1
| #define HAVE_LIBGEN_H 1
| #define HAVE_LIMITS_H 1
| #define HAVE_STDIO_H 1
| #define HAVE_STRING_H 1
| #define HAVE_SYS_STAT_H 1
| #define HAVE_SYS_TIME_H 1
| #define HAVE_UNISTD_H 1
| #define HAVE_ICONV_H 1
| #define RETSIGTYPE void
| #define HAVE_STRUCT_STAT_ST_BLKSIZE 1
| #define HAVE_ST_BLKSIZE 1
| #define HAVE_STDLIB_H 1
| #define HAVE_MALLOC 0
| #define malloc rpl_malloc
| /* end confdefs.h.  */
| #include <stdio.h>
| #if HAVE_SYS_TYPES_H
| # include <sys/types.h>
| #endif
| #if HAVE_SYS_STAT_H
| # include <sys/stat.h>
| #endif
| #if STDC_HEADERS
| # include <stdlib.h>
| # include <stddef.h>
| #else
| # if HAVE_STDLIB_H
| #  include <stdlib.h>
| # endif
| #endif
| #if HAVE_STRING_H
| # if !STDC_HEADERS && HAVE_MEMORY_H
| #  include <memory.h>
| # endif
| # include <string.h>
| #endif
| #if HAVE_STRINGS_H
| # include <strings.h>
| #endif
| #if HAVE_INTTYPES_H
| # include <inttypes.h>
| #endif
| #if HAVE_STDINT_H
| # include <stdint.h>
| #endif
| #if HAVE_UNISTD_H
| # include <unistd.h>
| #endif
| int
| main ()
| {
| struct stat sbuf;
|      /* Linux will dereference the symlink and fail.
| 	That is better in the sense that it means we will not
| 	have to compile and use the lstat wrapper.  */
|      return lstat ("conftest.sym/", &sbuf) == 0;
|   ;
|   return 0;
| }
configure:22210: result: no
configure:22229: checking whether stat accepts an empty string
configure:22259: gcc -o conftest -g -O2 -DUSE_DARWIN   conftest.c -lusb  >&5
configure:22262: $? = 0
configure:22268: ./conftest
dyld: Symbol not found: _kCFRunLoopDefaultMode
  Referenced from: /usr/local/lib/libusb-0.1.4.dylib
  Expected in: flat namespace

./configure: line 1:  4788 Trace/BPT trap          ./conftest$ac_exeext
configure:22271: $? = 133
configure: program exited with status 133
configure: failed program was:
| /* confdefs.h.  */
| #define PACKAGE_NAME "libmtp"
| #define PACKAGE_TARNAME "libmtp"
| #define PACKAGE_VERSION "0.1.3"
| #define PACKAGE_STRING "libmtp 0.1.3"
| #define PACKAGE_BUGREPORT "libmtp-users@lists.sourceforge.net"
| #define PACKAGE "libmtp"
| #define VERSION "0.1.3"
| #define STDC_HEADERS 1
| #define HAVE_SYS_TYPES_H 1
| #define HAVE_SYS_STAT_H 1
| #define HAVE_STDLIB_H 1
| #define HAVE_STRING_H 1
| #define HAVE_MEMORY_H 1
| #define HAVE_STRINGS_H 1
| #define HAVE_INTTYPES_H 1
| #define HAVE_STDINT_H 1
| #define HAVE_UNISTD_H 1
| #define HAVE_DLFCN_H 1
| #define HAVE_LIBUSB 1
| #define STDC_HEADERS 1
| #define TIME_WITH_SYS_TIME 1
| #define HAVE_CTYPE_H 1
| #define HAVE_ERRNO_H 1
| #define HAVE_FCNTL_H 1
| #define HAVE_GETOPT_H 1
| #define HAVE_LIBGEN_H 1
| #define HAVE_LIMITS_H 1
| #define HAVE_STDIO_H 1
| #define HAVE_STRING_H 1
| #define HAVE_SYS_STAT_H 1
| #define HAVE_SYS_TIME_H 1
| #define HAVE_UNISTD_H 1
| #define HAVE_ICONV_H 1
| #define RETSIGTYPE void
| #define HAVE_STRUCT_STAT_ST_BLKSIZE 1
| #define HAVE_ST_BLKSIZE 1
| #define HAVE_STDLIB_H 1
| #define HAVE_MALLOC 0
| #define malloc rpl_malloc
| /* end confdefs.h.  */
| #include <stdio.h>
| #if HAVE_SYS_TYPES_H
| # include <sys/types.h>
| #endif
| #if HAVE_SYS_STAT_H
| # include <sys/stat.h>
| #endif
| #if STDC_HEADERS
| # include <stdlib.h>
| # include <stddef.h>
| #else
| # if HAVE_STDLIB_H
| #  include <stdlib.h>
| # endif
| #endif
| #if HAVE_STRING_H
| # if !STDC_HEADERS && HAVE_MEMORY_H
| #  include <memory.h>
| # endif
| # include <string.h>
| #endif
| #if HAVE_STRINGS_H
| # include <strings.h>
| #endif
| #if HAVE_INTTYPES_H
| # include <inttypes.h>
| #endif
| #if HAVE_STDINT_H
| # include <stdint.h>
| #endif
| #if HAVE_UNISTD_H
| # include <unistd.h>
| #endif
| int
| main ()
| {
| struct stat sbuf;
|   return stat ("", &sbuf) == 0;
|   ;
|   return 0;
| }
configure:22287: result: yes
configure:22314: checking for basename
configure:22370: gcc -o conftest -g -O2 -DUSE_DARWIN   conftest.c -lusb  >&5
configure:22376: $? = 0
configure:22383: test -z "$ac_c_werror_flag" || test ! -s conftest.err
configure:22386: $? = 0
configure:22393: test -s conftest
configure:22396: $? = 0
configure:22410: result: yes
configure:22314: checking for memset
configure:22370: gcc -o conftest -g -O2 -DUSE_DARWIN   conftest.c -lusb  >&5
conftest.c:67: warning: conflicting types for built-in function 'memset'
configure:22376: $? = 0
configure:22383: test -z "$ac_c_werror_flag" || test ! -s conftest.err
configure:22386: $? = 0
configure:22393: test -s conftest
configure:22396: $? = 0
configure:22410: result: yes
configure:22314: checking for select
configure:22370: gcc -o conftest -g -O2 -DUSE_DARWIN   conftest.c -lusb  >&5
configure:22376: $? = 0
configure:22383: test -z "$ac_c_werror_flag" || test ! -s conftest.err
configure:22386: $? = 0
configure:22393: test -s conftest
configure:22396: $? = 0
configure:22410: result: yes
configure:22314: checking for strdup
configure:22370: gcc -o conftest -g -O2 -DUSE_DARWIN   conftest.c -lusb  >&5
conftest.c:69: warning: conflicting types for built-in function 'strdup'
configure:22376: $? = 0
configure:22383: test -z "$ac_c_werror_flag" || test ! -s conftest.err
configure:22386: $? = 0
configure:22393: test -s conftest
configure:22396: $? = 0
configure:22410: result: yes
configure:22314: checking for strerror
configure:22370: gcc -o conftest -g -O2 -DUSE_DARWIN   conftest.c -lusb  >&5
configure:22376: $? = 0
configure:22383: test -z "$ac_c_werror_flag" || test ! -s conftest.err
configure:22386: $? = 0
configure:22393: test -s conftest
configure:22396: $? = 0
configure:22410: result: yes
configure:22314: checking for strrchr
configure:22370: gcc -o conftest -g -O2 -DUSE_DARWIN   conftest.c -lusb  >&5
conftest.c:71: warning: conflicting types for built-in function 'strrchr'
configure:22376: $? = 0
configure:22383: test -z "$ac_c_werror_flag" || test ! -s conftest.err
configure:22386: $? = 0
configure:22393: test -s conftest
configure:22396: $? = 0
configure:22410: result: yes
configure:22314: checking for strtoul
configure:22370: gcc -o conftest -g -O2 -DUSE_DARWIN   conftest.c -lusb  >&5
configure:22376: $? = 0
configure:22383: test -z "$ac_c_werror_flag" || test ! -s conftest.err
configure:22386: $? = 0
configure:22393: test -s conftest
configure:22396: $? = 0
configure:22410: result: yes
configure:22314: checking for usleep
configure:22370: gcc -o conftest -g -O2 -DUSE_DARWIN   conftest.c -lusb  >&5
configure:22376: $? = 0
configure:22383: test -z "$ac_c_werror_flag" || test ! -s conftest.err
configure:22386: $? = 0
configure:22393: test -s conftest
configure:22396: $? = 0
configure:22410: result: yes

## ---------------- ##
## Cache variables. ##
## ---------------- ##

ac_cv_build=i686-apple-darwin8.9.1
ac_cv_c_compiler_gnu=yes
ac_cv_c_const=yes
ac_cv_cxx_compiler_gnu=yes
ac_cv_env_CCC_set=
ac_cv_env_CCC_value=
ac_cv_env_CC_set=
ac_cv_env_CC_value=
ac_cv_env_CFLAGS_set=
ac_cv_env_CFLAGS_value=
ac_cv_env_CPPFLAGS_set=
ac_cv_env_CPPFLAGS_value=
ac_cv_env_CPP_set=
ac_cv_env_CPP_value=
ac_cv_env_CXXCPP_set=
ac_cv_env_CXXCPP_value=
ac_cv_env_CXXFLAGS_set=
ac_cv_env_CXXFLAGS_value=
ac_cv_env_CXX_set=
ac_cv_env_CXX_value=
ac_cv_env_F77_set=
ac_cv_env_F77_value=
ac_cv_env_FFLAGS_set=
ac_cv_env_FFLAGS_value=
ac_cv_env_LDFLAGS_set=
ac_cv_env_LDFLAGS_value=
ac_cv_env_build_alias_set=
ac_cv_env_build_alias_value=
ac_cv_env_host_alias_set=
ac_cv_env_host_alias_value=
ac_cv_env_target_alias_set=
ac_cv_env_target_alias_value=
ac_cv_f77_compiler_gnu=no
ac_cv_func_basename=yes
ac_cv_func_lstat_dereferences_slashed_symlink=no
ac_cv_func_malloc_0_nonnull=no
ac_cv_func_memcmp_working=no
ac_cv_func_memset=yes
ac_cv_func_select=yes
ac_cv_func_stat_empty_string_bug=yes
ac_cv_func_strdup=yes
ac_cv_func_strerror=yes
ac_cv_func_strrchr=yes
ac_cv_func_strtoul=yes
ac_cv_func_usleep=yes
ac_cv_header_ctype_h=yes
ac_cv_header_dlfcn_h=yes
ac_cv_header_errno_h=yes
ac_cv_header_fcntl_h=yes
ac_cv_header_getopt_h=yes
ac_cv_header_iconv_h=yes
ac_cv_header_inttypes_h=yes
ac_cv_header_libgen_h=yes
ac_cv_header_limits_h=yes
ac_cv_header_memory_h=yes
ac_cv_header_stdc=yes
ac_cv_header_stdint_h=yes
ac_cv_header_stdio_h=yes
ac_cv_header_stdlib_h=yes
ac_cv_header_string_h=yes
ac_cv_header_strings_h=yes
ac_cv_header_sys_stat_h=yes
ac_cv_header_sys_time_h=yes
ac_cv_header_sys_types_h=yes
ac_cv_header_time=yes
ac_cv_header_unistd_h=yes
ac_cv_header_usb_h=yes
ac_cv_host=i686-apple-darwin8.9.1
ac_cv_lib_usb_usb_control_msg=yes
ac_cv_member_struct_stat_st_blksize=yes
ac_cv_objext=o
ac_cv_path_EGREP='/usr/bin/grep -E'
ac_cv_path_GREP=/usr/bin/grep
ac_cv_path_INTLTOOL_PERL=/usr/bin/perl
ac_cv_path_install='/usr/bin/install -c'
ac_cv_prog_AWK=gawk
ac_cv_prog_CPP='gcc -E'
ac_cv_prog_CXXCPP='g++ -E'
ac_cv_prog_HAVE_DOXYGEN=false
ac_cv_prog_ac_ct_AR=ar
ac_cv_prog_ac_ct_CC=gcc
ac_cv_prog_ac_ct_CXX=g++
ac_cv_prog_ac_ct_RANLIB=ranlib
ac_cv_prog_ac_ct_STRIP=strip
ac_cv_prog_cc_c89=
ac_cv_prog_cc_g=yes
ac_cv_prog_cxx_g=yes
ac_cv_prog_f77_g=no
ac_cv_prog_make_make_set=yes
ac_cv_type_off_t=yes
ac_cv_type_signal=void
ac_cv_type_size_t=yes
am_cv_CC_dependencies_compiler_type=gcc3
am_cv_CXX_dependencies_compiler_type=gcc3
lt_cv_deplibs_check_method=pass_all
lt_cv_file_magic_cmd='/usr/bin/file -L'
lt_cv_file_magic_test_file=/usr/lib/libSystem.dylib
lt_cv_ld_reload_flag=-r
lt_cv_objdir=.libs
lt_cv_path_LD=/usr/bin/ld
lt_cv_path_LDCXX=/usr/bin/ld
lt_cv_path_NM='/usr/bin/nm -p'
lt_cv_path_SED=/usr/bin/sed
lt_cv_prog_compiler_c_o=yes
lt_cv_prog_compiler_c_o_CXX=yes
lt_cv_prog_compiler_rtti_exceptions=no
lt_cv_prog_gnu_ld=no
lt_cv_prog_gnu_ldcxx=no
lt_cv_sys_global_symbol_pipe='sed -n -e '\''s/^.*[ 	]\([BCDEGRST][BCDEGRST]*\)[ 	][ 	]*\(_\)\([_A-Za-z][_A-Za-z0-9]*\)$/\1 \2\3 \3/p'\'''
lt_cv_sys_global_symbol_to_c_name_address='sed -n -e '\''s/^: \([^ ]*\) $/  {\"\1\", (lt_ptr) 0},/p'\'' -e '\''s/^[BCDEGRST] \([^ ]*\) \([^ ]*\)$/  {"\2", (lt_ptr) \&\2},/p'\'''
lt_cv_sys_global_symbol_to_cdecl='sed -n -e '\''s/^. .* \(.*\)$/extern int \1;/p'\'''
lt_cv_sys_max_cmd_len=65536
lt_lt_cv_prog_compiler_c_o='"yes"'
lt_lt_cv_prog_compiler_c_o_CXX='"yes"'
lt_lt_cv_sys_global_symbol_pipe='"sed -n -e '\''s/^.*[ 	]\\([BCDEGRST][BCDEGRST]*\\)[ 	][ 	]*\\(_\\)\\([_A-Za-z][_A-Za-z0-9]*\\)\$/\\1 \\2\\3 \\3/p'\''"'
lt_lt_cv_sys_global_symbol_to_c_name_address='"sed -n -e '\''s/^: \\([^ ]*\\) \$/  {\\\"\\1\\\", (lt_ptr) 0},/p'\'' -e '\''s/^[BCDEGRST] \\([^ ]*\\) \\([^ ]*\\)\$/  {\"\\2\", (lt_ptr) \\&\\2},/p'\''"'
lt_lt_cv_sys_global_symbol_to_cdecl='"sed -n -e '\''s/^. .* \\(.*\\)\$/extern int \\1;/p'\''"'

## ----------------- ##
## Output variables. ##
## ----------------- ##

ACLOCAL='${SHELL} /Users/richard/njb/XNJB/libmtp/missing --run aclocal-1.6'
AMDEPBACKSLASH='\'
AMDEP_FALSE='#'
AMDEP_TRUE=''
AMTAR='${SHELL} /Users/richard/njb/XNJB/libmtp/missing --run tar'
AR='ar'
AS='as'
AUTOCONF='${SHELL} /Users/richard/njb/XNJB/libmtp/missing --run autoconf'
AUTOHEADER='${SHELL} /Users/richard/njb/XNJB/libmtp/missing --run autoheader'
AUTOMAKE='${SHELL} /Users/richard/njb/XNJB/libmtp/missing --run automake-1.6'
AWK='gawk'
CC='gcc'
CCDEPMODE='depmode=gcc3'
CFLAGS='-g -O2 -DUSE_DARWIN -Wall -Wmissing-prototypes'
COMPILE_MINGW32_FALSE=''
COMPILE_MINGW32_TRUE='#'
CPP='gcc -E'
CPPFLAGS=''
CXX='g++'
CXXCPP='g++ -E'
CXXDEPMODE='depmode=gcc3'
CXXFLAGS='-g -O2'
DEFS=''
DEPDIR='.deps'
DLLTOOL='dlltool'
ECHO='echo'
ECHO_C=''
ECHO_N='-n'
ECHO_T=''
EGREP='/usr/bin/grep -E'
EXEEXT=''
F77=''
FFLAGS=''
GREP='/usr/bin/grep'
HAVE_DOXYGEN='false'
HAVE_DOXYGEN_FALSE=''
HAVE_DOXYGEN_TRUE='#'
INSTALL_DATA='${INSTALL} -m 644'
INSTALL_PROGRAM='${INSTALL}'
INSTALL_SCRIPT='${INSTALL}'
INSTALL_STRIP_PROGRAM='${SHELL} $(install_sh) -c -s'
LDFLAGS=''
LIBOBJS=' malloc.o memcmp.o lstat.o stat.o'
LIBS='-lusb '
LIBTOOL='$(SHELL) $(top_builddir)/libtool'
LN_S='ln -s'
LTLIBOBJS=''
MAKEINFO='${SHELL} /Users/richard/njb/XNJB/libmtp/missing --run makeinfo'
OBJDUMP='objdump'
OBJEXT='o'
OSFLAGS='-framework IOKit'
PACKAGE='libmtp'
PACKAGE_BUGREPORT='libmtp-users@lists.sourceforge.net'
PACKAGE_NAME='libmtp'
PACKAGE_STRING='libmtp 0.1.3'
PACKAGE_TARNAME='libmtp'
PACKAGE_VERSION='0.1.3'
PATH_SEPARATOR=':'
RANLIB='ranlib'
SET_MAKE=''
SHELL='/bin/sh'
STRIP='strip'
VERSION='0.1.3'
ac_ct_CC='gcc'
ac_ct_CXX='g++'
ac_ct_F77=''
am__include='include'
am__quote=''
bindir='${exec_prefix}/bin'
build='i686-apple-darwin8.9.1'
build_alias=''
build_cpu='i686'
build_os='darwin8.9.1'
build_vendor='apple'
datadir='${datarootdir}'
datarootdir='${prefix}/share'
docdir='${datarootdir}/doc/${PACKAGE_TARNAME}'
dvidir='${docdir}'
exec_prefix='NONE'
host='i686-apple-darwin8.9.1'
host_alias=''
host_cpu='i686'
host_os='darwin8.9.1'
host_vendor='apple'
htmldir='${docdir}'
includedir='${prefix}/include'
infodir='${datarootdir}/info'
install_sh='/Users/richard/njb/XNJB/libmtp/install-sh'
libdir='${exec_prefix}/lib'
libexecdir='${exec_prefix}/libexec'
localedir='${datarootdir}/locale'
localstatedir='${prefix}/var'
mandir='${datarootdir}/man'
oldincludedir='/usr/include'
pdfdir='${docdir}'
prefix='NONE'
program_transform_name='s,^,mtp-,;s,x,x,'
psdir='${docdir}'
sbindir='${exec_prefix}/sbin'
sharedstatedir='${prefix}/com'
sysconfdir='${prefix}/etc'
target_alias=''

## ----------- ##
## confdefs.h. ##
## ----------- ##

#define PACKAGE_NAME "libmtp"
#define PACKAGE_TARNAME "libmtp"
#define PACKAGE_VERSION "0.1.3"
#define PACKAGE_STRING "libmtp 0.1.3"
#define PACKAGE_BUGREPORT "libmtp-users@lists.sourceforge.net"
#define PACKAGE "libmtp"
#define VERSION "0.1.3"
#define STDC_HEADERS 1
#define HAVE_SYS_TYPES_H 1
#define HAVE_SYS_STAT_H 1
#define HAVE_STDLIB_H 1
#define HAVE_STRING_H 1
#define HAVE_MEMORY_H 1
#define HAVE_STRINGS_H 1
#define HAVE_INTTYPES_H 1
#define HAVE_STDINT_H 1
#define HAVE_UNISTD_H 1
#define HAVE_DLFCN_H 1
#define HAVE_LIBUSB 1
#define STDC_HEADERS 1
#define TIME_WITH_SYS_TIME 1
#define HAVE_CTYPE_H 1
#define HAVE_ERRNO_H 1
#define HAVE_FCNTL_H 1
#define HAVE_GETOPT_H 1
#define HAVE_LIBGEN_H 1
#define HAVE_LIMITS_H 1
#define HAVE_STDIO_H 1
#define HAVE_STRING_H 1
#define HAVE_SYS_STAT_H 1
#define HAVE_SYS_TIME_H 1
#define HAVE_UNISTD_H 1
#define HAVE_ICONV_H 1
#define RETSIGTYPE void
#define HAVE_STRUCT_STAT_ST_BLKSIZE 1
#define HAVE_ST_BLKSIZE 1
#define HAVE_STDLIB_H 1
#define HAVE_MALLOC 0
#define malloc rpl_malloc
#define HAVE_STAT_EMPTY_STRING_BUG 1
#define HAVE_BASENAME 1
#define HAVE_MEMSET 1
#define HAVE_SELECT 1
#define HAVE_STRDUP 1
#define HAVE_STRERROR 1
#define HAVE_STRRCHR 1
#define HAVE_STRTOUL 1
#define HAVE_USLEEP 1

configure: exit 258
